---------------------------------------
Begin PBS Prologue Wed Feb 10 21:09:37 EST 2021
Job ID:     6536199.sched-hive.pace.gatech.edu
User ID:    schoi420
Job name:   train-model
Queue:      hive
End PBS Prologue Wed Feb 10 21:09:37 EST 2021
---------------------------------------
Training on K prediction

Fitting 3 folds for each of 32 candidates, totalling 96 fits
[Parallel(n_jobs=-1)]: Using backend LokyBackend with 8 concurrent workers.
Optimal hyperparameters: {'learning_rate': 0.1, 'max_depth': 3, 'n_estimators': 5000}
r2 of K prediction for the training set: 0.9385463251405967
r2 of K prediction for the test set: 0.8499932184392949
r2 of K prediction for the validation set: 0.8249392714060813

Training on H prediction

Fitting 3 folds for each of 32 candidates, totalling 96 fits
[Parallel(n_jobs=-1)]: Done  34 tasks      | elapsed:  6.4min
[Parallel(n_jobs=-1)]: Done  96 out of  96 | elapsed: 29.1min finished
[Parallel(n_jobs=-1)]: Using backend LokyBackend with 8 concurrent workers.
[Parallel(n_jobs=-1)]: Done  34 tasks      | elapsed:  7.1min
[Parallel(n_jobs=-1)]: Done  96 out of  96 | elapsed: 29.7min finished
Optimal hyperparameters: {'learning_rate': 0.1, 'max_depth': 3, 'n_estimators': 5000}
r2 of H prediction for the training set: 0.9427685007998896
r2 of H prediction for the test set: 0.8535513138080469
r2 of H prediction for the validation set: 0.8080854566229132

Training Set
MAE: 1.7749937911250662
Max: 251.38074762835188

Test Set
MAE: 3.7697197838178966
Max: 237.161815786525

Validation Set
MAE: 5.690445313414813
Max: 255.59393461414484

---------------------------------------
Begin PBS Epilogue Wed Feb 10 22:29:20 EST 2021
Job ID:     6536199.sched-hive.pace.gatech.edu
User ID:    schoi420
Job name:   train-model
Resources:  nodes=1:ppn=8,walltime=12:00:00,mem=32gb,neednodes=1:ppn=8
Rsrc Used:  cput=06:54:15,vmem=6005320kb,walltime=01:19:43,mem=967868kb,energy_used=0
Queue:      hive
Nodes:     
atl1-1-01-013-20-l.pace.gatech.edu
End PBS Epilogue Wed Feb 10 22:29:20 EST 2021
---------------------------------------
---------------------------------------
Begin PBS Prologue Wed Feb 10 23:53:46 EST 2021
Job ID:     6536255.sched-hive.pace.gatech.edu
User ID:    schoi420
Job name:   train-model
Queue:      hive
End PBS Prologue Wed Feb 10 23:53:46 EST 2021
---------------------------------------
Training on K prediction

Fitting 3 folds for each of 135 candidates, totalling 405 fits
[Parallel(n_jobs=-1)]: Using backend LokyBackend with 8 concurrent workers.
[Parallel(n_jobs=-1)]: Done  34 tasks      | elapsed:    3.0s
[Parallel(n_jobs=-1)]: Done 405 out of 405 | elapsed:    3.9s finished
/usr/local/pace-apps/manual/packages/anaconda3/2020.02/lib/python3.7/site-packages/sklearn/model_selection/_validation.py:536: FitFailedWarning: Estimator fit failed. The score on this train-test partition for these parameters will be set to nan. Details: 
TypeError: 'numpy.float64' object cannot be interpreted as an integer

  FitFailedWarning)
/usr/local/pace-apps/manual/packages/anaconda3/2020.02/lib/python3.7/site-packages/sklearn/model_selection/_validation.py:536: FitFailedWarning: Estimator fit failed. The score on this train-test partition for these parameters will be set to nan. Details: 
TypeError: 'numpy.float64' object cannot be interpreted as an integer

  FitFailedWarning)
/usr/local/pace-apps/manual/packages/anaconda3/2020.02/lib/python3.7/site-packages/sklearn/model_selection/_validation.py:536: FitFailedWarning: Estimator fit failed. The score on this train-test partition for these parameters will be set to nan. Details: 
TypeError: 'numpy.float64' object cannot be interpreted as an integer

  FitFailedWarning)
/usr/local/pace-apps/manual/packages/anaconda3/2020.02/lib/python3.7/site-packages/sklearn/model_selection/_validation.py:536: FitFailedWarning: Estimator fit failed. The score on this train-test partition for these parameters will be set to nan. Details: 
TypeError: 'numpy.float64' object cannot be interpreted as an integer

  FitFailedWarning)
/usr/local/pace-apps/manual/packages/anaconda3/2020.02/lib/python3.7/site-packages/sklearn/model_selection/_validation.py:536: FitFailedWarning: Estimator fit failed. The score on this train-test partition for these parameters will be set to nan. Details: 
TypeError: 'numpy.float64' object cannot be interpreted as an integer

  FitFailedWarning)
/usr/local/pace-apps/manual/packages/anaconda3/2020.02/lib/python3.7/site-packages/sklearn/model_selection/_validation.py:536: FitFailedWarning: Estimator fit failed. The score on this train-test partition for these parameters will be set to nan. Details: 
TypeError: 'numpy.float64' object cannot be interpreted as an integer

  FitFailedWarning)
/usr/local/pace-apps/manual/packages/anaconda3/2020.02/lib/python3.7/site-packages/sklearn/model_selection/_validation.py:536: FitFailedWarning: Estimator fit failed. The score on this train-test partition for these parameters will be set to nan. Details: 
TypeError: 'numpy.float64' object cannot be interpreted as an integer

  FitFailedWarning)
/usr/local/pace-apps/manual/packages/anaconda3/2020.02/lib/python3.7/site-packages/sklearn/model_selection/_validation.py:536: FitFailedWarning: Estimator fit failed. The score on this train-test partition for these parameters will be set to nan. Details: 
TypeError: 'numpy.float64' object cannot be interpreted as an integer

  FitFailedWarning)
/usr/local/pace-apps/manual/packages/anaconda3/2020.02/lib/python3.7/site-packages/sklearn/model_selection/_validation.py:536: FitFailedWarning: Estimator fit failed. The score on this train-test partition for these parameters will be set to nan. Details: 
TypeError: 'numpy.float64' object cannot be interpreted as an integer

  FitFailedWarning)
/usr/local/pace-apps/manual/packages/anaconda3/2020.02/lib/python3.7/site-packages/sklearn/model_selection/_validation.py:536: FitFailedWarning: Estimator fit failed. The score on this train-test partition for these parameters will be set to nan. Details: 
TypeError: 'numpy.float64' object cannot be interpreted as an integer

  FitFailedWarning)
/usr/local/pace-apps/manual/packages/anaconda3/2020.02/lib/python3.7/site-packages/sklearn/model_selection/_validation.py:536: FitFailedWarning: Estimator fit failed. The score on this train-test partition for these parameters will be set to nan. Details: 
TypeError: 'numpy.float64' object cannot be interpreted as an integer

  FitFailedWarning)
/usr/local/pace-apps/manual/packages/anaconda3/2020.02/lib/python3.7/site-packages/sklearn/model_selection/_validation.py:536: FitFailedWarning: Estimator fit failed. The score on this train-test partition for these parameters will be set to nan. Details: 
TypeError: 'numpy.float64' object cannot be interpreted as an integer

  FitFailedWarning)
/usr/local/pace-apps/manual/packages/anaconda3/2020.02/lib/python3.7/site-packages/sklearn/model_selection/_validation.py:536: FitFailedWarning: Estimator fit failed. The score on this train-test partition for these parameters will be set to nan. Details: 
TypeError: 'numpy.float64' object cannot be interpreted as an integer

  FitFailedWarning)
/usr/local/pace-apps/manual/packages/anaconda3/2020.02/lib/python3.7/site-packages/sklearn/model_selection/_validation.py:536: FitFailedWarning: Estimator fit failed. The score on this train-test partition for these parameters will be set to nan. Details: 
TypeError: 'numpy.float64' object cannot be interpreted as an integer

  FitFailedWarning)
/usr/local/pace-apps/manual/packages/anaconda3/2020.02/lib/python3.7/site-packages/sklearn/model_selection/_validation.py:536: FitFailedWarning: Estimator fit failed. The score on this train-test partition for these parameters will be set to nan. Details: 
TypeError: 'numpy.float64' object cannot be interpreted as an integer

  FitFailedWarning)
/usr/local/pace-apps/manual/packages/anaconda3/2020.02/lib/python3.7/site-packages/sklearn/model_selection/_validation.py:536: FitFailedWarning: Estimator fit failed. The score on this train-test partition for these parameters will be set to nan. Details: 
TypeError: 'numpy.float64' object cannot be interpreted as an integer

  FitFailedWarning)
/usr/local/pace-apps/manual/packages/anaconda3/2020.02/lib/python3.7/site-packages/sklearn/model_selection/_validation.py:536: FitFailedWarning: Estimator fit failed. The score on this train-test partition for these parameters will be set to nan. Details: 
TypeError: 'numpy.float64' object cannot be interpreted as an integer

  FitFailedWarning)
/usr/local/pace-apps/manual/packages/anaconda3/2020.02/lib/python3.7/site-packages/sklearn/model_selection/_validation.py:536: FitFailedWarning: Estimator fit failed. The score on this train-test partition for these parameters will be set to nan. Details: 
TypeError: 'numpy.float64' object cannot be interpreted as an integer

  FitFailedWarning)
/usr/local/pace-apps/manual/packages/anaconda3/2020.02/lib/python3.7/site-packages/sklearn/model_selection/_validation.py:536: FitFailedWarning: Estimator fit failed. The score on this train-test partition for these parameters will be set to nan. Details: 
TypeError: 'numpy.float64' object cannot be interpreted as an integer

  FitFailedWarning)
/usr/local/pace-apps/manual/packages/anaconda3/2020.02/lib/python3.7/site-packages/sklearn/model_selection/_validation.py:536: FitFailedWarning: Estimator fit failed. The score on this train-test partition for these parameters will be set to nan. Details: 
TypeError: 'numpy.float64' object cannot be interpreted as an integer

  FitFailedWarning)
/usr/local/pace-apps/manual/packages/anaconda3/2020.02/lib/python3.7/site-packages/sklearn/model_selection/_validation.py:536: FitFailedWarning: Estimator fit failed. The score on this train-test partition for these parameters will be set to nan. Details: 
TypeError: 'numpy.float64' object cannot be interpreted as an integer

  FitFailedWarning)
/usr/local/pace-apps/manual/packages/anaconda3/2020.02/lib/python3.7/site-packages/sklearn/model_selection/_validation.py:536: FitFailedWarning: Estimator fit failed. The score on this train-test partition for these parameters will be set to nan. Details: 
TypeError: 'numpy.float64' object cannot be interpreted as an integer

  FitFailedWarning)
/usr/local/pace-apps/manual/packages/anaconda3/2020.02/lib/python3.7/site-packages/sklearn/model_selection/_validation.py:536: FitFailedWarning: Estimator fit failed. The score on this train-test partition for these parameters will be set to nan. Details: 
TypeError: 'numpy.float64' object cannot be interpreted as an integer

  FitFailedWarning)
/usr/local/pace-apps/manual/packages/anaconda3/2020.02/lib/python3.7/site-packages/sklearn/model_selection/_validation.py:536: FitFailedWarning: Estimator fit failed. The score on this train-test partition for these parameters will be set to nan. Details: 
TypeError: 'numpy.float64' object cannot be interpreted as an integer

  FitFailedWarning)
/usr/local/pace-apps/manual/packages/anaconda3/2020.02/lib/python3.7/site-packages/sklearn/model_selection/_validation.py:536: FitFailedWarning: Estimator fit failed. The score on this train-test partition for these parameters will be set to nan. Details: 
TypeError: 'numpy.float64' object cannot be interpreted as an integer

  FitFailedWarning)
/usr/local/pace-apps/manual/packages/anaconda3/2020.02/lib/python3.7/site-packages/sklearn/model_selection/_validation.py:536: FitFailedWarning: Estimator fit failed. The score on this train-test partition for these parameters will be set to nan. Details: 
TypeError: 'numpy.float64' object cannot be interpreted as an integer

  FitFailedWarning)
/usr/local/pace-apps/manual/packages/anaconda3/2020.02/lib/python3.7/site-packages/sklearn/model_selection/_validation.py:536: FitFailedWarning: Estimator fit failed. The score on this train-test partition for these parameters will be set to nan. Details: 
TypeError: 'numpy.float64' object cannot be interpreted as an integer

  FitFailedWarning)
/usr/local/pace-apps/manual/packages/anaconda3/2020.02/lib/python3.7/site-packages/sklearn/model_selection/_validation.py:536: FitFailedWarning: Estimator fit failed. The score on this train-test partition for these parameters will be set to nan. Details: 
TypeError: 'numpy.float64' object cannot be interpreted as an integer

  FitFailedWarning)
/usr/local/pace-apps/manual/packages/anaconda3/2020.02/lib/python3.7/site-packages/sklearn/model_selection/_validation.py:536: FitFailedWarning: Estimator fit failed. The score on this train-test partition for these parameters will be set to nan. Details: 
TypeError: 'numpy.float64' object cannot be interpreted as an integer

  FitFailedWarning)
/usr/local/pace-apps/manual/packages/anaconda3/2020.02/lib/python3.7/site-packages/sklearn/model_selection/_validation.py:536: FitFailedWarning: Estimator fit failed. The score on this train-test partition for these parameters will be set to nan. Details: 
TypeError: 'numpy.float64' object cannot be interpreted as an integer

  FitFailedWarning)
/usr/local/pace-apps/manual/packages/anaconda3/2020.02/lib/python3.7/site-packages/sklearn/model_selection/_validation.py:536: FitFailedWarning: Estimator fit failed. The score on this train-test partition for these parameters will be set to nan. Details: 
TypeError: 'numpy.float64' object cannot be interpreted as an integer

  FitFailedWarning)
/usr/local/pace-apps/manual/packages/anaconda3/2020.02/lib/python3.7/site-packages/sklearn/model_selection/_validation.py:536: FitFailedWarning: Estimator fit failed. The score on this train-test partition for these parameters will be set to nan. Details: 
TypeError: 'numpy.float64' object cannot be interpreted as an integer

  FitFailedWarning)
/usr/local/pace-apps/manual/packages/anaconda3/2020.02/lib/python3.7/site-packages/sklearn/model_selection/_validation.py:536: FitFailedWarning: Estimator fit failed. The score on this train-test partition for these parameters will be set to nan. Details: 
TypeError: 'numpy.float64' object cannot be interpreted as an integer

  FitFailedWarning)
/usr/local/pace-apps/manual/packages/anaconda3/2020.02/lib/python3.7/site-packages/sklearn/model_selection/_validation.py:536: FitFailedWarning: Estimator fit failed. The score on this train-test partition for these parameters will be set to nan. Details: 
TypeError: 'numpy.float64' object cannot be interpreted as an integer

  FitFailedWarning)
/usr/local/pace-apps/manual/packages/anaconda3/2020.02/lib/python3.7/site-packages/sklearn/model_selection/_validation.py:536: FitFailedWarning: Estimator fit failed. The score on this train-test partition for these parameters will be set to nan. Details: 
TypeError: 'numpy.float64' object cannot be interpreted as an integer

  FitFailedWarning)
/usr/local/pace-apps/manual/packages/anaconda3/2020.02/lib/python3.7/site-packages/sklearn/model_selection/_validation.py:536: FitFailedWarning: Estimator fit failed. The score on this train-test partition for these parameters will be set to nan. Details: 
TypeError: 'numpy.float64' object cannot be interpreted as an integer

  FitFailedWarning)
/usr/local/pace-apps/manual/packages/anaconda3/2020.02/lib/python3.7/site-packages/sklearn/model_selection/_validation.py:536: FitFailedWarning: Estimator fit failed. The score on this train-test partition for these parameters will be set to nan. Details: 
TypeError: 'numpy.float64' object cannot be interpreted as an integer

  FitFailedWarning)
/usr/local/pace-apps/manual/packages/anaconda3/2020.02/lib/python3.7/site-packages/sklearn/model_selection/_validation.py:536: FitFailedWarning: Estimator fit failed. The score on this train-test partition for these parameters will be set to nan. Details: 
TypeError: 'numpy.float64' object cannot be interpreted as an integer

  FitFailedWarning)
/usr/local/pace-apps/manual/packages/anaconda3/2020.02/lib/python3.7/site-packages/sklearn/model_selection/_validation.py:536: FitFailedWarning: Estimator fit failed. The score on this train-test partition for these parameters will be set to nan. Details: 
TypeError: 'numpy.float64' object cannot be interpreted as an integer

  FitFailedWarning)
/usr/local/pace-apps/manual/packages/anaconda3/2020.02/lib/python3.7/site-packages/sklearn/model_selection/_validation.py:536: FitFailedWarning: Estimator fit failed. The score on this train-test partition for these parameters will be set to nan. Details: 
TypeError: 'numpy.float64' object cannot be interpreted as an integer

  FitFailedWarning)
/usr/local/pace-apps/manual/packages/anaconda3/2020.02/lib/python3.7/site-packages/sklearn/model_selection/_validation.py:536: FitFailedWarning: Estimator fit failed. The score on this train-test partition for these parameters will be set to nan. Details: 
TypeError: 'numpy.float64' object cannot be interpreted as an integer

  FitFailedWarning)
/usr/local/pace-apps/manual/packages/anaconda3/2020.02/lib/python3.7/site-packages/sklearn/model_selection/_validation.py:536: FitFailedWarning: Estimator fit failed. The score on this train-test partition for these parameters will be set to nan. Details: 
TypeError: 'numpy.float64' object cannot be interpreted as an integer

  FitFailedWarning)
/usr/local/pace-apps/manual/packages/anaconda3/2020.02/lib/python3.7/site-packages/sklearn/model_selection/_validation.py:536: FitFailedWarning: Estimator fit failed. The score on this train-test partition for these parameters will be set to nan. Details: 
TypeError: 'numpy.float64' object cannot be interpreted as an integer

  FitFailedWarning)
/usr/local/pace-apps/manual/packages/anaconda3/2020.02/lib/python3.7/site-packages/sklearn/model_selection/_validation.py:536: FitFailedWarning: Estimator fit failed. The score on this train-test partition for these parameters will be set to nan. Details: 
TypeError: 'numpy.float64' object cannot be interpreted as an integer

  FitFailedWarning)
/usr/local/pace-apps/manual/packages/anaconda3/2020.02/lib/python3.7/site-packages/sklearn/model_selection/_validation.py:536: FitFailedWarning: Estimator fit failed. The score on this train-test partition for these parameters will be set to nan. Details: 
TypeError: 'numpy.float64' object cannot be interpreted as an integer

  FitFailedWarning)
/usr/local/pace-apps/manual/packages/anaconda3/2020.02/lib/python3.7/site-packages/sklearn/model_selection/_validation.py:536: FitFailedWarning: Estimator fit failed. The score on this train-test partition for these parameters will be set to nan. Details: 
TypeError: 'numpy.float64' object cannot be interpreted as an integer

  FitFailedWarning)
/usr/local/pace-apps/manual/packages/anaconda3/2020.02/lib/python3.7/site-packages/sklearn/model_selection/_validation.py:536: FitFailedWarning: Estimator fit failed. The score on this train-test partition for these parameters will be set to nan. Details: 
TypeError: 'numpy.float64' object cannot be interpreted as an integer

  FitFailedWarning)
/usr/local/pace-apps/manual/packages/anaconda3/2020.02/lib/python3.7/site-packages/sklearn/model_selection/_validation.py:536: FitFailedWarning: Estimator fit failed. The score on this train-test partition for these parameters will be set to nan. Details: 
TypeError: 'numpy.float64' object cannot be interpreted as an integer

  FitFailedWarning)
/usr/local/pace-apps/manual/packages/anaconda3/2020.02/lib/python3.7/site-packages/sklearn/model_selection/_validation.py:536: FitFailedWarning: Estimator fit failed. The score on this train-test partition for these parameters will be set to nan. Details: 
TypeError: 'numpy.float64' object cannot be interpreted as an integer

  FitFailedWarning)
/usr/local/pace-apps/manual/packages/anaconda3/2020.02/lib/python3.7/site-packages/sklearn/model_selection/_validation.py:536: FitFailedWarning: Estimator fit failed. The score on this train-test partition for these parameters will be set to nan. Details: 
TypeError: 'numpy.float64' object cannot be interpreted as an integer

  FitFailedWarning)
/usr/local/pace-apps/manual/packages/anaconda3/2020.02/lib/python3.7/site-packages/sklearn/model_selection/_validation.py:536: FitFailedWarning: Estimator fit failed. The score on this train-test partition for these parameters will be set to nan. Details: 
TypeError: 'numpy.float64' object cannot be interpreted as an integer

  FitFailedWarning)
/usr/local/pace-apps/manual/packages/anaconda3/2020.02/lib/python3.7/site-packages/sklearn/model_selection/_validation.py:536: FitFailedWarning: Estimator fit failed. The score on this train-test partition for these parameters will be set to nan. Details: 
TypeError: 'numpy.float64' object cannot be interpreted as an integer

  FitFailedWarning)
/usr/local/pace-apps/manual/packages/anaconda3/2020.02/lib/python3.7/site-packages/sklearn/model_selection/_validation.py:536: FitFailedWarning: Estimator fit failed. The score on this train-test partition for these parameters will be set to nan. Details: 
TypeError: 'numpy.float64' object cannot be interpreted as an integer

  FitFailedWarning)
/usr/local/pace-apps/manual/packages/anaconda3/2020.02/lib/python3.7/site-packages/sklearn/model_selection/_validation.py:536: FitFailedWarning: Estimator fit failed. The score on this train-test partition for these parameters will be set to nan. Details: 
TypeError: 'numpy.float64' object cannot be interpreted as an integer

  FitFailedWarning)
/usr/local/pace-apps/manual/packages/anaconda3/2020.02/lib/python3.7/site-packages/sklearn/model_selection/_validation.py:536: FitFailedWarning: Estimator fit failed. The score on this train-test partition for these parameters will be set to nan. Details: 
TypeError: 'numpy.float64' object cannot be interpreted as an integer

  FitFailedWarning)
/usr/local/pace-apps/manual/packages/anaconda3/2020.02/lib/python3.7/site-packages/sklearn/model_selection/_validation.py:536: FitFailedWarning: Estimator fit failed. The score on this train-test partition for these parameters will be set to nan. Details: 
TypeError: 'numpy.float64' object cannot be interpreted as an integer

  FitFailedWarning)
/usr/local/pace-apps/manual/packages/anaconda3/2020.02/lib/python3.7/site-packages/sklearn/model_selection/_validation.py:536: FitFailedWarning: Estimator fit failed. The score on this train-test partition for these parameters will be set to nan. Details: 
TypeError: 'numpy.float64' object cannot be interpreted as an integer

  FitFailedWarning)
/usr/local/pace-apps/manual/packages/anaconda3/2020.02/lib/python3.7/site-packages/sklearn/model_selection/_validation.py:536: FitFailedWarning: Estimator fit failed. The score on this train-test partition for these parameters will be set to nan. Details: 
TypeError: 'numpy.float64' object cannot be interpreted as an integer

  FitFailedWarning)
/usr/local/pace-apps/manual/packages/anaconda3/2020.02/lib/python3.7/site-packages/sklearn/model_selection/_validation.py:536: FitFailedWarning: Estimator fit failed. The score on this train-test partition for these parameters will be set to nan. Details: 
TypeError: 'numpy.float64' object cannot be interpreted as an integer

  FitFailedWarning)
/usr/local/pace-apps/manual/packages/anaconda3/2020.02/lib/python3.7/site-packages/sklearn/model_selection/_validation.py:536: FitFailedWarning: Estimator fit failed. The score on this train-test partition for these parameters will be set to nan. Details: 
TypeError: 'numpy.float64' object cannot be interpreted as an integer

  FitFailedWarning)
/usr/local/pace-apps/manual/packages/anaconda3/2020.02/lib/python3.7/site-packages/sklearn/model_selection/_validation.py:536: FitFailedWarning: Estimator fit failed. The score on this train-test partition for these parameters will be set to nan. Details: 
TypeError: 'numpy.float64' object cannot be interpreted as an integer

  FitFailedWarning)
/usr/local/pace-apps/manual/packages/anaconda3/2020.02/lib/python3.7/site-packages/sklearn/model_selection/_validation.py:536: FitFailedWarning: Estimator fit failed. The score on this train-test partition for these parameters will be set to nan. Details: 
TypeError: 'numpy.float64' object cannot be interpreted as an integer

  FitFailedWarning)
/usr/local/pace-apps/manual/packages/anaconda3/2020.02/lib/python3.7/site-packages/sklearn/model_selection/_validation.py:536: FitFailedWarning: Estimator fit failed. The score on this train-test partition for these parameters will be set to nan. Details: 
TypeError: 'numpy.float64' object cannot be interpreted as an integer

  FitFailedWarning)
/usr/local/pace-apps/manual/packages/anaconda3/2020.02/lib/python3.7/site-packages/sklearn/model_selection/_validation.py:536: FitFailedWarning: Estimator fit failed. The score on this train-test partition for these parameters will be set to nan. Details: 
TypeError: 'numpy.float64' object cannot be interpreted as an integer

  FitFailedWarning)
/usr/local/pace-apps/manual/packages/anaconda3/2020.02/lib/python3.7/site-packages/sklearn/model_selection/_validation.py:536: FitFailedWarning: Estimator fit failed. The score on this train-test partition for these parameters will be set to nan. Details: 
TypeError: 'numpy.float64' object cannot be interpreted as an integer

  FitFailedWarning)
/usr/local/pace-apps/manual/packages/anaconda3/2020.02/lib/python3.7/site-packages/sklearn/model_selection/_validation.py:536: FitFailedWarning: Estimator fit failed. The score on this train-test partition for these parameters will be set to nan. Details: 
TypeError: 'numpy.float64' object cannot be interpreted as an integer

  FitFailedWarning)
/usr/local/pace-apps/manual/packages/anaconda3/2020.02/lib/python3.7/site-packages/sklearn/model_selection/_validation.py:536: FitFailedWarning: Estimator fit failed. The score on this train-test partition for these parameters will be set to nan. Details: 
TypeError: 'numpy.float64' object cannot be interpreted as an integer

  FitFailedWarning)
/usr/local/pace-apps/manual/packages/anaconda3/2020.02/lib/python3.7/site-packages/sklearn/model_selection/_validation.py:536: FitFailedWarning: Estimator fit failed. The score on this train-test partition for these parameters will be set to nan. Details: 
TypeError: 'numpy.float64' object cannot be interpreted as an integer

  FitFailedWarning)
/usr/local/pace-apps/manual/packages/anaconda3/2020.02/lib/python3.7/site-packages/sklearn/model_selection/_validation.py:536: FitFailedWarning: Estimator fit failed. The score on this train-test partition for these parameters will be set to nan. Details: 
TypeError: 'numpy.float64' object cannot be interpreted as an integer

  FitFailedWarning)
/usr/local/pace-apps/manual/packages/anaconda3/2020.02/lib/python3.7/site-packages/sklearn/model_selection/_validation.py:536: FitFailedWarning: Estimator fit failed. The score on this train-test partition for these parameters will be set to nan. Details: 
TypeError: 'numpy.float64' object cannot be interpreted as an integer

  FitFailedWarning)
/usr/local/pace-apps/manual/packages/anaconda3/2020.02/lib/python3.7/site-packages/sklearn/model_selection/_validation.py:536: FitFailedWarning: Estimator fit failed. The score on this train-test partition for these parameters will be set to nan. Details: 
TypeError: 'numpy.float64' object cannot be interpreted as an integer

  FitFailedWarning)
/usr/local/pace-apps/manual/packages/anaconda3/2020.02/lib/python3.7/site-packages/sklearn/model_selection/_validation.py:536: FitFailedWarning: Estimator fit failed. The score on this train-test partition for these parameters will be set to nan. Details: 
TypeError: 'numpy.float64' object cannot be interpreted as an integer

  FitFailedWarning)
/usr/local/pace-apps/manual/packages/anaconda3/2020.02/lib/python3.7/site-packages/sklearn/model_selection/_validation.py:536: FitFailedWarning: Estimator fit failed. The score on this train-test partition for these parameters will be set to nan. Details: 
TypeError: 'numpy.float64' object cannot be interpreted as an integer

  FitFailedWarning)
/usr/local/pace-apps/manual/packages/anaconda3/2020.02/lib/python3.7/site-packages/sklearn/model_selection/_validation.py:536: FitFailedWarning: Estimator fit failed. The score on this train-test partition for these parameters will be set to nan. Details: 
TypeError: 'numpy.float64' object cannot be interpreted as an integer

  FitFailedWarning)
/usr/local/pace-apps/manual/packages/anaconda3/2020.02/lib/python3.7/site-packages/sklearn/model_selection/_validation.py:536: FitFailedWarning: Estimator fit failed. The score on this train-test partition for these parameters will be set to nan. Details: 
TypeError: 'numpy.float64' object cannot be interpreted as an integer

  FitFailedWarning)
/usr/local/pace-apps/manual/packages/anaconda3/2020.02/lib/python3.7/site-packages/sklearn/model_selection/_validation.py:536: FitFailedWarning: Estimator fit failed. The score on this train-test partition for these parameters will be set to nan. Details: 
TypeError: 'numpy.float64' object cannot be interpreted as an integer

  FitFailedWarning)
/usr/local/pace-apps/manual/packages/anaconda3/2020.02/lib/python3.7/site-packages/sklearn/model_selection/_validation.py:536: FitFailedWarning: Estimator fit failed. The score on this train-test partition for these parameters will be set to nan. Details: 
TypeError: 'numpy.float64' object cannot be interpreted as an integer

  FitFailedWarning)
/usr/local/pace-apps/manual/packages/anaconda3/2020.02/lib/python3.7/site-packages/sklearn/model_selection/_validation.py:536: FitFailedWarning: Estimator fit failed. The score on this train-test partition for these parameters will be set to nan. Details: 
TypeError: 'numpy.float64' object cannot be interpreted as an integer

  FitFailedWarning)
/usr/local/pace-apps/manual/packages/anaconda3/2020.02/lib/python3.7/site-packages/sklearn/model_selection/_validation.py:536: FitFailedWarning: Estimator fit failed. The score on this train-test partition for these parameters will be set to nan. Details: 
TypeError: 'numpy.float64' object cannot be interpreted as an integer

  FitFailedWarning)
/usr/local/pace-apps/manual/packages/anaconda3/2020.02/lib/python3.7/site-packages/sklearn/model_selection/_validation.py:536: FitFailedWarning: Estimator fit failed. The score on this train-test partition for these parameters will be set to nan. Details: 
TypeError: 'numpy.float64' object cannot be interpreted as an integer

  FitFailedWarning)
/usr/local/pace-apps/manual/packages/anaconda3/2020.02/lib/python3.7/site-packages/sklearn/model_selection/_validation.py:536: FitFailedWarning: Estimator fit failed. The score on this train-test partition for these parameters will be set to nan. Details: 
TypeError: 'numpy.float64' object cannot be interpreted as an integer

  FitFailedWarning)
/usr/local/pace-apps/manual/packages/anaconda3/2020.02/lib/python3.7/site-packages/sklearn/model_selection/_validation.py:536: FitFailedWarning: Estimator fit failed. The score on this train-test partition for these parameters will be set to nan. Details: 
TypeError: 'numpy.float64' object cannot be interpreted as an integer

  FitFailedWarning)
/usr/local/pace-apps/manual/packages/anaconda3/2020.02/lib/python3.7/site-packages/sklearn/model_selection/_validation.py:536: FitFailedWarning: Estimator fit failed. The score on this train-test partition for these parameters will be set to nan. Details: 
TypeError: 'numpy.float64' object cannot be interpreted as an integer

  FitFailedWarning)
/usr/local/pace-apps/manual/packages/anaconda3/2020.02/lib/python3.7/site-packages/sklearn/model_selection/_validation.py:536: FitFailedWarning: Estimator fit failed. The score on this train-test partition for these parameters will be set to nan. Details: 
TypeError: 'numpy.float64' object cannot be interpreted as an integer

  FitFailedWarning)
/usr/local/pace-apps/manual/packages/anaconda3/2020.02/lib/python3.7/site-packages/sklearn/model_selection/_validation.py:536: FitFailedWarning: Estimator fit failed. The score on this train-test partition for these parameters will be set to nan. Details: 
TypeError: 'numpy.float64' object cannot be interpreted as an integer

  FitFailedWarning)
/usr/local/pace-apps/manual/packages/anaconda3/2020.02/lib/python3.7/site-packages/sklearn/model_selection/_validation.py:536: FitFailedWarning: Estimator fit failed. The score on this train-test partition for these parameters will be set to nan. Details: 
TypeError: 'numpy.float64' object cannot be interpreted as an integer

  FitFailedWarning)
/usr/local/pace-apps/manual/packages/anaconda3/2020.02/lib/python3.7/site-packages/sklearn/model_selection/_validation.py:536: FitFailedWarning: Estimator fit failed. The score on this train-test partition for these parameters will be set to nan. Details: 
TypeError: 'numpy.float64' object cannot be interpreted as an integer

  FitFailedWarning)
/usr/local/pace-apps/manual/packages/anaconda3/2020.02/lib/python3.7/site-packages/sklearn/model_selection/_validation.py:536: FitFailedWarning: Estimator fit failed. The score on this train-test partition for these parameters will be set to nan. Details: 
TypeError: 'numpy.float64' object cannot be interpreted as an integer

  FitFailedWarning)
/usr/local/pace-apps/manual/packages/anaconda3/2020.02/lib/python3.7/site-packages/sklearn/model_selection/_validation.py:536: FitFailedWarning: Estimator fit failed. The score on this train-test partition for these parameters will be set to nan. Details: 
TypeError: 'numpy.float64' object cannot be interpreted as an integer

  FitFailedWarning)
/usr/local/pace-apps/manual/packages/anaconda3/2020.02/lib/python3.7/site-packages/sklearn/model_selection/_validation.py:536: FitFailedWarning: Estimator fit failed. The score on this train-test partition for these parameters will be set to nan. Details: 
TypeError: 'numpy.float64' object cannot be interpreted as an integer

  FitFailedWarning)
/usr/local/pace-apps/manual/packages/anaconda3/2020.02/lib/python3.7/site-packages/sklearn/model_selection/_validation.py:536: FitFailedWarning: Estimator fit failed. The score on this train-test partition for these parameters will be set to nan. Details: 
TypeError: 'numpy.float64' object cannot be interpreted as an integer

  FitFailedWarning)
/usr/local/pace-apps/manual/packages/anaconda3/2020.02/lib/python3.7/site-packages/sklearn/model_selection/_validation.py:536: FitFailedWarning: Estimator fit failed. The score on this train-test partition for these parameters will be set to nan. Details: 
TypeError: 'numpy.float64' object cannot be interpreted as an integer

  FitFailedWarning)
/usr/local/pace-apps/manual/packages/anaconda3/2020.02/lib/python3.7/site-packages/sklearn/model_selection/_validation.py:536: FitFailedWarning: Estimator fit failed. The score on this train-test partition for these parameters will be set to nan. Details: 
TypeError: 'numpy.float64' object cannot be interpreted as an integer

  FitFailedWarning)
/usr/local/pace-apps/manual/packages/anaconda3/2020.02/lib/python3.7/site-packages/sklearn/model_selection/_validation.py:536: FitFailedWarning: Estimator fit failed. The score on this train-test partition for these parameters will be set to nan. Details: 
TypeError: 'numpy.float64' object cannot be interpreted as an integer

  FitFailedWarning)
/usr/local/pace-apps/manual/packages/anaconda3/2020.02/lib/python3.7/site-packages/sklearn/model_selection/_validation.py:536: FitFailedWarning: Estimator fit failed. The score on this train-test partition for these parameters will be set to nan. Details: 
TypeError: 'numpy.float64' object cannot be interpreted as an integer

  FitFailedWarning)
/usr/local/pace-apps/manual/packages/anaconda3/2020.02/lib/python3.7/site-packages/sklearn/model_selection/_validation.py:536: FitFailedWarning: Estimator fit failed. The score on this train-test partition for these parameters will be set to nan. Details: 
TypeError: 'numpy.float64' object cannot be interpreted as an integer

  FitFailedWarning)
/usr/local/pace-apps/manual/packages/anaconda3/2020.02/lib/python3.7/site-packages/sklearn/model_selection/_validation.py:536: FitFailedWarning: Estimator fit failed. The score on this train-test partition for these parameters will be set to nan. Details: 
TypeError: 'numpy.float64' object cannot be interpreted as an integer

  FitFailedWarning)
/usr/local/pace-apps/manual/packages/anaconda3/2020.02/lib/python3.7/site-packages/sklearn/model_selection/_validation.py:536: FitFailedWarning: Estimator fit failed. The score on this train-test partition for these parameters will be set to nan. Details: 
TypeError: 'numpy.float64' object cannot be interpreted as an integer

  FitFailedWarning)
/usr/local/pace-apps/manual/packages/anaconda3/2020.02/lib/python3.7/site-packages/sklearn/model_selection/_validation.py:536: FitFailedWarning: Estimator fit failed. The score on this train-test partition for these parameters will be set to nan. Details: 
TypeError: 'numpy.float64' object cannot be interpreted as an integer

  FitFailedWarning)
/usr/local/pace-apps/manual/packages/anaconda3/2020.02/lib/python3.7/site-packages/sklearn/model_selection/_validation.py:536: FitFailedWarning: Estimator fit failed. The score on this train-test partition for these parameters will be set to nan. Details: 
TypeError: 'numpy.float64' object cannot be interpreted as an integer

  FitFailedWarning)
/usr/local/pace-apps/manual/packages/anaconda3/2020.02/lib/python3.7/site-packages/sklearn/model_selection/_validation.py:536: FitFailedWarning: Estimator fit failed. The score on this train-test partition for these parameters will be set to nan. Details: 
TypeError: 'numpy.float64' object cannot be interpreted as an integer

  FitFailedWarning)
/usr/local/pace-apps/manual/packages/anaconda3/2020.02/lib/python3.7/site-packages/sklearn/model_selection/_validation.py:536: FitFailedWarning: Estimator fit failed. The score on this train-test partition for these parameters will be set to nan. Details: 
TypeError: 'numpy.float64' object cannot be interpreted as an integer

  FitFailedWarning)
/usr/local/pace-apps/manual/packages/anaconda3/2020.02/lib/python3.7/site-packages/sklearn/model_selection/_validation.py:536: FitFailedWarning: Estimator fit failed. The score on this train-test partition for these parameters will be set to nan. Details: 
TypeError: 'numpy.float64' object cannot be interpreted as an integer

  FitFailedWarning)
/usr/local/pace-apps/manual/packages/anaconda3/2020.02/lib/python3.7/site-packages/sklearn/model_selection/_validation.py:536: FitFailedWarning: Estimator fit failed. The score on this train-test partition for these parameters will be set to nan. Details: 
TypeError: 'numpy.float64' object cannot be interpreted as an integer

  FitFailedWarning)
/usr/local/pace-apps/manual/packages/anaconda3/2020.02/lib/python3.7/site-packages/sklearn/model_selection/_validation.py:536: FitFailedWarning: Estimator fit failed. The score on this train-test partition for these parameters will be set to nan. Details: 
TypeError: 'numpy.float64' object cannot be interpreted as an integer

  FitFailedWarning)
/usr/local/pace-apps/manual/packages/anaconda3/2020.02/lib/python3.7/site-packages/sklearn/model_selection/_validation.py:536: FitFailedWarning: Estimator fit failed. The score on this train-test partition for these parameters will be set to nan. Details: 
TypeError: 'numpy.float64' object cannot be interpreted as an integer

  FitFailedWarning)
/usr/local/pace-apps/manual/packages/anaconda3/2020.02/lib/python3.7/site-packages/sklearn/model_selection/_validation.py:536: FitFailedWarning: Estimator fit failed. The score on this train-test partition for these parameters will be set to nan. Details: 
TypeError: 'numpy.float64' object cannot be interpreted as an integer

  FitFailedWarning)
/usr/local/pace-apps/manual/packages/anaconda3/2020.02/lib/python3.7/site-packages/sklearn/model_selection/_validation.py:536: FitFailedWarning: Estimator fit failed. The score on this train-test partition for these parameters will be set to nan. Details: 
TypeError: 'numpy.float64' object cannot be interpreted as an integer

  FitFailedWarning)
/usr/local/pace-apps/manual/packages/anaconda3/2020.02/lib/python3.7/site-packages/sklearn/model_selection/_validation.py:536: FitFailedWarning: Estimator fit failed. The score on this train-test partition for these parameters will be set to nan. Details: 
TypeError: 'numpy.float64' object cannot be interpreted as an integer

  FitFailedWarning)
/usr/local/pace-apps/manual/packages/anaconda3/2020.02/lib/python3.7/site-packages/sklearn/model_selection/_validation.py:536: FitFailedWarning: Estimator fit failed. The score on this train-test partition for these parameters will be set to nan. Details: 
TypeError: 'numpy.float64' object cannot be interpreted as an integer

  FitFailedWarning)
/usr/local/pace-apps/manual/packages/anaconda3/2020.02/lib/python3.7/site-packages/sklearn/model_selection/_validation.py:536: FitFailedWarning: Estimator fit failed. The score on this train-test partition for these parameters will be set to nan. Details: 
TypeError: 'numpy.float64' object cannot be interpreted as an integer

  FitFailedWarning)
/usr/local/pace-apps/manual/packages/anaconda3/2020.02/lib/python3.7/site-packages/sklearn/model_selection/_validation.py:536: FitFailedWarning: Estimator fit failed. The score on this train-test partition for these parameters will be set to nan. Details: 
TypeError: 'numpy.float64' object cannot be interpreted as an integer

  FitFailedWarning)
/usr/local/pace-apps/manual/packages/anaconda3/2020.02/lib/python3.7/site-packages/sklearn/model_selection/_validation.py:536: FitFailedWarning: Estimator fit failed. The score on this train-test partition for these parameters will be set to nan. Details: 
TypeError: 'numpy.float64' object cannot be interpreted as an integer

  FitFailedWarning)
/usr/local/pace-apps/manual/packages/anaconda3/2020.02/lib/python3.7/site-packages/sklearn/model_selection/_validation.py:536: FitFailedWarning: Estimator fit failed. The score on this train-test partition for these parameters will be set to nan. Details: 
TypeError: 'numpy.float64' object cannot be interpreted as an integer

  FitFailedWarning)
/usr/local/pace-apps/manual/packages/anaconda3/2020.02/lib/python3.7/site-packages/sklearn/model_selection/_validation.py:536: FitFailedWarning: Estimator fit failed. The score on this train-test partition for these parameters will be set to nan. Details: 
TypeError: 'numpy.float64' object cannot be interpreted as an integer

  FitFailedWarning)
/usr/local/pace-apps/manual/packages/anaconda3/2020.02/lib/python3.7/site-packages/sklearn/model_selection/_validation.py:536: FitFailedWarning: Estimator fit failed. The score on this train-test partition for these parameters will be set to nan. Details: 
TypeError: 'numpy.float64' object cannot be interpreted as an integer

  FitFailedWarning)
/usr/local/pace-apps/manual/packages/anaconda3/2020.02/lib/python3.7/site-packages/sklearn/model_selection/_validation.py:536: FitFailedWarning: Estimator fit failed. The score on this train-test partition for these parameters will be set to nan. Details: 
TypeError: 'numpy.float64' object cannot be interpreted as an integer

  FitFailedWarning)
/usr/local/pace-apps/manual/packages/anaconda3/2020.02/lib/python3.7/site-packages/sklearn/model_selection/_validation.py:536: FitFailedWarning: Estimator fit failed. The score on this train-test partition for these parameters will be set to nan. Details: 
TypeError: 'numpy.float64' object cannot be interpreted as an integer

  FitFailedWarning)
/usr/local/pace-apps/manual/packages/anaconda3/2020.02/lib/python3.7/site-packages/sklearn/model_selection/_validation.py:536: FitFailedWarning: Estimator fit failed. The score on this train-test partition for these parameters will be set to nan. Details: 
TypeError: 'numpy.float64' object cannot be interpreted as an integer

  FitFailedWarning)
/usr/local/pace-apps/manual/packages/anaconda3/2020.02/lib/python3.7/site-packages/sklearn/model_selection/_validation.py:536: FitFailedWarning: Estimator fit failed. The score on this train-test partition for these parameters will be set to nan. Details: 
TypeError: 'numpy.float64' object cannot be interpreted as an integer

  FitFailedWarning)
/usr/local/pace-apps/manual/packages/anaconda3/2020.02/lib/python3.7/site-packages/sklearn/model_selection/_validation.py:536: FitFailedWarning: Estimator fit failed. The score on this train-test partition for these parameters will be set to nan. Details: 
TypeError: 'numpy.float64' object cannot be interpreted as an integer

  FitFailedWarning)
/usr/local/pace-apps/manual/packages/anaconda3/2020.02/lib/python3.7/site-packages/sklearn/model_selection/_validation.py:536: FitFailedWarning: Estimator fit failed. The score on this train-test partition for these parameters will be set to nan. Details: 
TypeError: 'numpy.float64' object cannot be interpreted as an integer

  FitFailedWarning)
/usr/local/pace-apps/manual/packages/anaconda3/2020.02/lib/python3.7/site-packages/sklearn/model_selection/_validation.py:536: FitFailedWarning: Estimator fit failed. The score on this train-test partition for these parameters will be set to nan. Details: 
TypeError: 'numpy.float64' object cannot be interpreted as an integer

  FitFailedWarning)
/usr/local/pace-apps/manual/packages/anaconda3/2020.02/lib/python3.7/site-packages/sklearn/model_selection/_validation.py:536: FitFailedWarning: Estimator fit failed. The score on this train-test partition for these parameters will be set to nan. Details: 
TypeError: 'numpy.float64' object cannot be interpreted as an integer

  FitFailedWarning)
/usr/local/pace-apps/manual/packages/anaconda3/2020.02/lib/python3.7/site-packages/sklearn/model_selection/_validation.py:536: FitFailedWarning: Estimator fit failed. The score on this train-test partition for these parameters will be set to nan. Details: 
TypeError: 'numpy.float64' object cannot be interpreted as an integer

  FitFailedWarning)
/usr/local/pace-apps/manual/packages/anaconda3/2020.02/lib/python3.7/site-packages/sklearn/model_selection/_validation.py:536: FitFailedWarning: Estimator fit failed. The score on this train-test partition for these parameters will be set to nan. Details: 
TypeError: 'numpy.float64' object cannot be interpreted as an integer

  FitFailedWarning)
/usr/local/pace-apps/manual/packages/anaconda3/2020.02/lib/python3.7/site-packages/sklearn/model_selection/_validation.py:536: FitFailedWarning: Estimator fit failed. The score on this train-test partition for these parameters will be set to nan. Details: 
TypeError: 'numpy.float64' object cannot be interpreted as an integer

  FitFailedWarning)
/usr/local/pace-apps/manual/packages/anaconda3/2020.02/lib/python3.7/site-packages/sklearn/model_selection/_validation.py:536: FitFailedWarning: Estimator fit failed. The score on this train-test partition for these parameters will be set to nan. Details: 
TypeError: 'numpy.float64' object cannot be interpreted as an integer

  FitFailedWarning)
/usr/local/pace-apps/manual/packages/anaconda3/2020.02/lib/python3.7/site-packages/sklearn/model_selection/_validation.py:536: FitFailedWarning: Estimator fit failed. The score on this train-test partition for these parameters will be set to nan. Details: 
TypeError: 'numpy.float64' object cannot be interpreted as an integer

  FitFailedWarning)
/usr/local/pace-apps/manual/packages/anaconda3/2020.02/lib/python3.7/site-packages/sklearn/model_selection/_validation.py:536: FitFailedWarning: Estimator fit failed. The score on this train-test partition for these parameters will be set to nan. Details: 
TypeError: 'numpy.float64' object cannot be interpreted as an integer

  FitFailedWarning)
/usr/local/pace-apps/manual/packages/anaconda3/2020.02/lib/python3.7/site-packages/sklearn/model_selection/_validation.py:536: FitFailedWarning: Estimator fit failed. The score on this train-test partition for these parameters will be set to nan. Details: 
TypeError: 'numpy.float64' object cannot be interpreted as an integer

  FitFailedWarning)
/usr/local/pace-apps/manual/packages/anaconda3/2020.02/lib/python3.7/site-packages/sklearn/model_selection/_validation.py:536: FitFailedWarning: Estimator fit failed. The score on this train-test partition for these parameters will be set to nan. Details: 
TypeError: 'numpy.float64' object cannot be interpreted as an integer

  FitFailedWarning)
/usr/local/pace-apps/manual/packages/anaconda3/2020.02/lib/python3.7/site-packages/sklearn/model_selection/_validation.py:536: FitFailedWarning: Estimator fit failed. The score on this train-test partition for these parameters will be set to nan. Details: 
TypeError: 'numpy.float64' object cannot be interpreted as an integer

  FitFailedWarning)
/usr/local/pace-apps/manual/packages/anaconda3/2020.02/lib/python3.7/site-packages/sklearn/model_selection/_validation.py:536: FitFailedWarning: Estimator fit failed. The score on this train-test partition for these parameters will be set to nan. Details: 
TypeError: 'numpy.float64' object cannot be interpreted as an integer

  FitFailedWarning)
/usr/local/pace-apps/manual/packages/anaconda3/2020.02/lib/python3.7/site-packages/sklearn/model_selection/_validation.py:536: FitFailedWarning: Estimator fit failed. The score on this train-test partition for these parameters will be set to nan. Details: 
TypeError: 'numpy.float64' object cannot be interpreted as an integer

  FitFailedWarning)
/usr/local/pace-apps/manual/packages/anaconda3/2020.02/lib/python3.7/site-packages/sklearn/model_selection/_validation.py:536: FitFailedWarning: Estimator fit failed. The score on this train-test partition for these parameters will be set to nan. Details: 
TypeError: 'numpy.float64' object cannot be interpreted as an integer

  FitFailedWarning)
/usr/local/pace-apps/manual/packages/anaconda3/2020.02/lib/python3.7/site-packages/sklearn/model_selection/_validation.py:536: FitFailedWarning: Estimator fit failed. The score on this train-test partition for these parameters will be set to nan. Details: 
TypeError: 'numpy.float64' object cannot be interpreted as an integer

  FitFailedWarning)
/usr/local/pace-apps/manual/packages/anaconda3/2020.02/lib/python3.7/site-packages/sklearn/model_selection/_validation.py:536: FitFailedWarning: Estimator fit failed. The score on this train-test partition for these parameters will be set to nan. Details: 
TypeError: 'numpy.float64' object cannot be interpreted as an integer

  FitFailedWarning)
/usr/local/pace-apps/manual/packages/anaconda3/2020.02/lib/python3.7/site-packages/sklearn/model_selection/_validation.py:536: FitFailedWarning: Estimator fit failed. The score on this train-test partition for these parameters will be set to nan. Details: 
TypeError: 'numpy.float64' object cannot be interpreted as an integer

  FitFailedWarning)
/usr/local/pace-apps/manual/packages/anaconda3/2020.02/lib/python3.7/site-packages/sklearn/model_selection/_validation.py:536: FitFailedWarning: Estimator fit failed. The score on this train-test partition for these parameters will be set to nan. Details: 
TypeError: 'numpy.float64' object cannot be interpreted as an integer

  FitFailedWarning)
/usr/local/pace-apps/manual/packages/anaconda3/2020.02/lib/python3.7/site-packages/sklearn/model_selection/_validation.py:536: FitFailedWarning: Estimator fit failed. The score on this train-test partition for these parameters will be set to nan. Details: 
TypeError: 'numpy.float64' object cannot be interpreted as an integer

  FitFailedWarning)
/usr/local/pace-apps/manual/packages/anaconda3/2020.02/lib/python3.7/site-packages/sklearn/model_selection/_validation.py:536: FitFailedWarning: Estimator fit failed. The score on this train-test partition for these parameters will be set to nan. Details: 
TypeError: 'numpy.float64' object cannot be interpreted as an integer

  FitFailedWarning)
/usr/local/pace-apps/manual/packages/anaconda3/2020.02/lib/python3.7/site-packages/sklearn/model_selection/_validation.py:536: FitFailedWarning: Estimator fit failed. The score on this train-test partition for these parameters will be set to nan. Details: 
TypeError: 'numpy.float64' object cannot be interpreted as an integer

  FitFailedWarning)
/usr/local/pace-apps/manual/packages/anaconda3/2020.02/lib/python3.7/site-packages/sklearn/model_selection/_validation.py:536: FitFailedWarning: Estimator fit failed. The score on this train-test partition for these parameters will be set to nan. Details: 
TypeError: 'numpy.float64' object cannot be interpreted as an integer

  FitFailedWarning)
/usr/local/pace-apps/manual/packages/anaconda3/2020.02/lib/python3.7/site-packages/sklearn/model_selection/_validation.py:536: FitFailedWarning: Estimator fit failed. The score on this train-test partition for these parameters will be set to nan. Details: 
TypeError: 'numpy.float64' object cannot be interpreted as an integer

  FitFailedWarning)
/usr/local/pace-apps/manual/packages/anaconda3/2020.02/lib/python3.7/site-packages/sklearn/model_selection/_validation.py:536: FitFailedWarning: Estimator fit failed. The score on this train-test partition for these parameters will be set to nan. Details: 
TypeError: 'numpy.float64' object cannot be interpreted as an integer

  FitFailedWarning)
/usr/local/pace-apps/manual/packages/anaconda3/2020.02/lib/python3.7/site-packages/sklearn/model_selection/_validation.py:536: FitFailedWarning: Estimator fit failed. The score on this train-test partition for these parameters will be set to nan. Details: 
TypeError: 'numpy.float64' object cannot be interpreted as an integer

  FitFailedWarning)
/usr/local/pace-apps/manual/packages/anaconda3/2020.02/lib/python3.7/site-packages/sklearn/model_selection/_validation.py:536: FitFailedWarning: Estimator fit failed. The score on this train-test partition for these parameters will be set to nan. Details: 
TypeError: 'numpy.float64' object cannot be interpreted as an integer

  FitFailedWarning)
/usr/local/pace-apps/manual/packages/anaconda3/2020.02/lib/python3.7/site-packages/sklearn/model_selection/_validation.py:536: FitFailedWarning: Estimator fit failed. The score on this train-test partition for these parameters will be set to nan. Details: 
TypeError: 'numpy.float64' object cannot be interpreted as an integer

  FitFailedWarning)
/usr/local/pace-apps/manual/packages/anaconda3/2020.02/lib/python3.7/site-packages/sklearn/model_selection/_validation.py:536: FitFailedWarning: Estimator fit failed. The score on this train-test partition for these parameters will be set to nan. Details: 
TypeError: 'numpy.float64' object cannot be interpreted as an integer

  FitFailedWarning)
/usr/local/pace-apps/manual/packages/anaconda3/2020.02/lib/python3.7/site-packages/sklearn/model_selection/_validation.py:536: FitFailedWarning: Estimator fit failed. The score on this train-test partition for these parameters will be set to nan. Details: 
TypeError: 'numpy.float64' object cannot be interpreted as an integer

  FitFailedWarning)
/usr/local/pace-apps/manual/packages/anaconda3/2020.02/lib/python3.7/site-packages/sklearn/model_selection/_validation.py:536: FitFailedWarning: Estimator fit failed. The score on this train-test partition for these parameters will be set to nan. Details: 
TypeError: 'numpy.float64' object cannot be interpreted as an integer

  FitFailedWarning)
/usr/local/pace-apps/manual/packages/anaconda3/2020.02/lib/python3.7/site-packages/sklearn/model_selection/_validation.py:536: FitFailedWarning: Estimator fit failed. The score on this train-test partition for these parameters will be set to nan. Details: 
TypeError: 'numpy.float64' object cannot be interpreted as an integer

  FitFailedWarning)
/usr/local/pace-apps/manual/packages/anaconda3/2020.02/lib/python3.7/site-packages/sklearn/model_selection/_validation.py:536: FitFailedWarning: Estimator fit failed. The score on this train-test partition for these parameters will be set to nan. Details: 
TypeError: 'numpy.float64' object cannot be interpreted as an integer

  FitFailedWarning)
/usr/local/pace-apps/manual/packages/anaconda3/2020.02/lib/python3.7/site-packages/sklearn/model_selection/_validation.py:536: FitFailedWarning: Estimator fit failed. The score on this train-test partition for these parameters will be set to nan. Details: 
TypeError: 'numpy.float64' object cannot be interpreted as an integer

  FitFailedWarning)
/usr/local/pace-apps/manual/packages/anaconda3/2020.02/lib/python3.7/site-packages/sklearn/model_selection/_validation.py:536: FitFailedWarning: Estimator fit failed. The score on this train-test partition for these parameters will be set to nan. Details: 
TypeError: 'numpy.float64' object cannot be interpreted as an integer

  FitFailedWarning)
/usr/local/pace-apps/manual/packages/anaconda3/2020.02/lib/python3.7/site-packages/sklearn/model_selection/_validation.py:536: FitFailedWarning: Estimator fit failed. The score on this train-test partition for these parameters will be set to nan. Details: 
TypeError: 'numpy.float64' object cannot be interpreted as an integer

  FitFailedWarning)
/usr/local/pace-apps/manual/packages/anaconda3/2020.02/lib/python3.7/site-packages/sklearn/model_selection/_validation.py:536: FitFailedWarning: Estimator fit failed. The score on this train-test partition for these parameters will be set to nan. Details: 
TypeError: 'numpy.float64' object cannot be interpreted as an integer

  FitFailedWarning)
/usr/local/pace-apps/manual/packages/anaconda3/2020.02/lib/python3.7/site-packages/sklearn/model_selection/_validation.py:536: FitFailedWarning: Estimator fit failed. The score on this train-test partition for these parameters will be set to nan. Details: 
TypeError: 'numpy.float64' object cannot be interpreted as an integer

  FitFailedWarning)
/usr/local/pace-apps/manual/packages/anaconda3/2020.02/lib/python3.7/site-packages/sklearn/model_selection/_validation.py:536: FitFailedWarning: Estimator fit failed. The score on this train-test partition for these parameters will be set to nan. Details: 
TypeError: 'numpy.float64' object cannot be interpreted as an integer

  FitFailedWarning)
/usr/local/pace-apps/manual/packages/anaconda3/2020.02/lib/python3.7/site-packages/sklearn/model_selection/_validation.py:536: FitFailedWarning: Estimator fit failed. The score on this train-test partition for these parameters will be set to nan. Details: 
TypeError: 'numpy.float64' object cannot be interpreted as an integer

  FitFailedWarning)
/usr/local/pace-apps/manual/packages/anaconda3/2020.02/lib/python3.7/site-packages/sklearn/model_selection/_validation.py:536: FitFailedWarning: Estimator fit failed. The score on this train-test partition for these parameters will be set to nan. Details: 
TypeError: 'numpy.float64' object cannot be interpreted as an integer

  FitFailedWarning)
/usr/local/pace-apps/manual/packages/anaconda3/2020.02/lib/python3.7/site-packages/sklearn/model_selection/_validation.py:536: FitFailedWarning: Estimator fit failed. The score on this train-test partition for these parameters will be set to nan. Details: 
TypeError: 'numpy.float64' object cannot be interpreted as an integer

  FitFailedWarning)
/usr/local/pace-apps/manual/packages/anaconda3/2020.02/lib/python3.7/site-packages/sklearn/model_selection/_validation.py:536: FitFailedWarning: Estimator fit failed. The score on this train-test partition for these parameters will be set to nan. Details: 
TypeError: 'numpy.float64' object cannot be interpreted as an integer

  FitFailedWarning)
/usr/local/pace-apps/manual/packages/anaconda3/2020.02/lib/python3.7/site-packages/sklearn/model_selection/_validation.py:536: FitFailedWarning: Estimator fit failed. The score on this train-test partition for these parameters will be set to nan. Details: 
TypeError: 'numpy.float64' object cannot be interpreted as an integer

  FitFailedWarning)
/usr/local/pace-apps/manual/packages/anaconda3/2020.02/lib/python3.7/site-packages/sklearn/model_selection/_validation.py:536: FitFailedWarning: Estimator fit failed. The score on this train-test partition for these parameters will be set to nan. Details: 
TypeError: 'numpy.float64' object cannot be interpreted as an integer

  FitFailedWarning)
/usr/local/pace-apps/manual/packages/anaconda3/2020.02/lib/python3.7/site-packages/sklearn/model_selection/_validation.py:536: FitFailedWarning: Estimator fit failed. The score on this train-test partition for these parameters will be set to nan. Details: 
TypeError: 'numpy.float64' object cannot be interpreted as an integer

  FitFailedWarning)
/usr/local/pace-apps/manual/packages/anaconda3/2020.02/lib/python3.7/site-packages/sklearn/model_selection/_validation.py:536: FitFailedWarning: Estimator fit failed. The score on this train-test partition for these parameters will be set to nan. Details: 
TypeError: 'numpy.float64' object cannot be interpreted as an integer

  FitFailedWarning)
/usr/local/pace-apps/manual/packages/anaconda3/2020.02/lib/python3.7/site-packages/sklearn/model_selection/_validation.py:536: FitFailedWarning: Estimator fit failed. The score on this train-test partition for these parameters will be set to nan. Details: 
TypeError: 'numpy.float64' object cannot be interpreted as an integer

  FitFailedWarning)
/usr/local/pace-apps/manual/packages/anaconda3/2020.02/lib/python3.7/site-packages/sklearn/model_selection/_validation.py:536: FitFailedWarning: Estimator fit failed. The score on this train-test partition for these parameters will be set to nan. Details: 
TypeError: 'numpy.float64' object cannot be interpreted as an integer

  FitFailedWarning)
/usr/local/pace-apps/manual/packages/anaconda3/2020.02/lib/python3.7/site-packages/sklearn/model_selection/_validation.py:536: FitFailedWarning: Estimator fit failed. The score on this train-test partition for these parameters will be set to nan. Details: 
TypeError: 'numpy.float64' object cannot be interpreted as an integer

  FitFailedWarning)
/usr/local/pace-apps/manual/packages/anaconda3/2020.02/lib/python3.7/site-packages/sklearn/model_selection/_validation.py:536: FitFailedWarning: Estimator fit failed. The score on this train-test partition for these parameters will be set to nan. Details: 
TypeError: 'numpy.float64' object cannot be interpreted as an integer

  FitFailedWarning)
/usr/local/pace-apps/manual/packages/anaconda3/2020.02/lib/python3.7/site-packages/sklearn/model_selection/_validation.py:536: FitFailedWarning: Estimator fit failed. The score on this train-test partition for these parameters will be set to nan. Details: 
TypeError: 'numpy.float64' object cannot be interpreted as an integer

  FitFailedWarning)
/usr/local/pace-apps/manual/packages/anaconda3/2020.02/lib/python3.7/site-packages/sklearn/model_selection/_validation.py:536: FitFailedWarning: Estimator fit failed. The score on this train-test partition for these parameters will be set to nan. Details: 
TypeError: 'numpy.float64' object cannot be interpreted as an integer

  FitFailedWarning)
/usr/local/pace-apps/manual/packages/anaconda3/2020.02/lib/python3.7/site-packages/sklearn/model_selection/_validation.py:536: FitFailedWarning: Estimator fit failed. The score on this train-test partition for these parameters will be set to nan. Details: 
TypeError: 'numpy.float64' object cannot be interpreted as an integer

  FitFailedWarning)
/usr/local/pace-apps/manual/packages/anaconda3/2020.02/lib/python3.7/site-packages/sklearn/model_selection/_validation.py:536: FitFailedWarning: Estimator fit failed. The score on this train-test partition for these parameters will be set to nan. Details: 
TypeError: 'numpy.float64' object cannot be interpreted as an integer

  FitFailedWarning)
/usr/local/pace-apps/manual/packages/anaconda3/2020.02/lib/python3.7/site-packages/sklearn/model_selection/_validation.py:536: FitFailedWarning: Estimator fit failed. The score on this train-test partition for these parameters will be set to nan. Details: 
TypeError: 'numpy.float64' object cannot be interpreted as an integer

  FitFailedWarning)
/usr/local/pace-apps/manual/packages/anaconda3/2020.02/lib/python3.7/site-packages/sklearn/model_selection/_validation.py:536: FitFailedWarning: Estimator fit failed. The score on this train-test partition for these parameters will be set to nan. Details: 
TypeError: 'numpy.float64' object cannot be interpreted as an integer

  FitFailedWarning)
/usr/local/pace-apps/manual/packages/anaconda3/2020.02/lib/python3.7/site-packages/sklearn/model_selection/_validation.py:536: FitFailedWarning: Estimator fit failed. The score on this train-test partition for these parameters will be set to nan. Details: 
TypeError: 'numpy.float64' object cannot be interpreted as an integer

  FitFailedWarning)
/usr/local/pace-apps/manual/packages/anaconda3/2020.02/lib/python3.7/site-packages/sklearn/model_selection/_validation.py:536: FitFailedWarning: Estimator fit failed. The score on this train-test partition for these parameters will be set to nan. Details: 
TypeError: 'numpy.float64' object cannot be interpreted as an integer

  FitFailedWarning)
/usr/local/pace-apps/manual/packages/anaconda3/2020.02/lib/python3.7/site-packages/sklearn/model_selection/_validation.py:536: FitFailedWarning: Estimator fit failed. The score on this train-test partition for these parameters will be set to nan. Details: 
TypeError: 'numpy.float64' object cannot be interpreted as an integer

  FitFailedWarning)
/usr/local/pace-apps/manual/packages/anaconda3/2020.02/lib/python3.7/site-packages/sklearn/model_selection/_validation.py:536: FitFailedWarning: Estimator fit failed. The score on this train-test partition for these parameters will be set to nan. Details: 
TypeError: 'numpy.float64' object cannot be interpreted as an integer

  FitFailedWarning)
/usr/local/pace-apps/manual/packages/anaconda3/2020.02/lib/python3.7/site-packages/sklearn/model_selection/_validation.py:536: FitFailedWarning: Estimator fit failed. The score on this train-test partition for these parameters will be set to nan. Details: 
TypeError: 'numpy.float64' object cannot be interpreted as an integer

  FitFailedWarning)
/usr/local/pace-apps/manual/packages/anaconda3/2020.02/lib/python3.7/site-packages/sklearn/model_selection/_validation.py:536: FitFailedWarning: Estimator fit failed. The score on this train-test partition for these parameters will be set to nan. Details: 
TypeError: 'numpy.float64' object cannot be interpreted as an integer

  FitFailedWarning)
/usr/local/pace-apps/manual/packages/anaconda3/2020.02/lib/python3.7/site-packages/sklearn/model_selection/_validation.py:536: FitFailedWarning: Estimator fit failed. The score on this train-test partition for these parameters will be set to nan. Details: 
TypeError: 'numpy.float64' object cannot be interpreted as an integer

  FitFailedWarning)
/usr/local/pace-apps/manual/packages/anaconda3/2020.02/lib/python3.7/site-packages/sklearn/model_selection/_validation.py:536: FitFailedWarning: Estimator fit failed. The score on this train-test partition for these parameters will be set to nan. Details: 
TypeError: 'numpy.float64' object cannot be interpreted as an integer

  FitFailedWarning)
/usr/local/pace-apps/manual/packages/anaconda3/2020.02/lib/python3.7/site-packages/sklearn/model_selection/_validation.py:536: FitFailedWarning: Estimator fit failed. The score on this train-test partition for these parameters will be set to nan. Details: 
TypeError: 'numpy.float64' object cannot be interpreted as an integer

  FitFailedWarning)
/usr/local/pace-apps/manual/packages/anaconda3/2020.02/lib/python3.7/site-packages/sklearn/model_selection/_validation.py:536: FitFailedWarning: Estimator fit failed. The score on this train-test partition for these parameters will be set to nan. Details: 
TypeError: 'numpy.float64' object cannot be interpreted as an integer

  FitFailedWarning)
/usr/local/pace-apps/manual/packages/anaconda3/2020.02/lib/python3.7/site-packages/sklearn/model_selection/_validation.py:536: FitFailedWarning: Estimator fit failed. The score on this train-test partition for these parameters will be set to nan. Details: 
TypeError: 'numpy.float64' object cannot be interpreted as an integer

  FitFailedWarning)
/usr/local/pace-apps/manual/packages/anaconda3/2020.02/lib/python3.7/site-packages/sklearn/model_selection/_validation.py:536: FitFailedWarning: Estimator fit failed. The score on this train-test partition for these parameters will be set to nan. Details: 
TypeError: 'numpy.float64' object cannot be interpreted as an integer

  FitFailedWarning)
/usr/local/pace-apps/manual/packages/anaconda3/2020.02/lib/python3.7/site-packages/sklearn/model_selection/_validation.py:536: FitFailedWarning: Estimator fit failed. The score on this train-test partition for these parameters will be set to nan. Details: 
TypeError: 'numpy.float64' object cannot be interpreted as an integer

  FitFailedWarning)
/usr/local/pace-apps/manual/packages/anaconda3/2020.02/lib/python3.7/site-packages/sklearn/model_selection/_validation.py:536: FitFailedWarning: Estimator fit failed. The score on this train-test partition for these parameters will be set to nan. Details: 
TypeError: 'numpy.float64' object cannot be interpreted as an integer

  FitFailedWarning)
/usr/local/pace-apps/manual/packages/anaconda3/2020.02/lib/python3.7/site-packages/sklearn/model_selection/_validation.py:536: FitFailedWarning: Estimator fit failed. The score on this train-test partition for these parameters will be set to nan. Details: 
TypeError: 'numpy.float64' object cannot be interpreted as an integer

  FitFailedWarning)
/usr/local/pace-apps/manual/packages/anaconda3/2020.02/lib/python3.7/site-packages/sklearn/model_selection/_validation.py:536: FitFailedWarning: Estimator fit failed. The score on this train-test partition for these parameters will be set to nan. Details: 
TypeError: 'numpy.float64' object cannot be interpreted as an integer

  FitFailedWarning)
/usr/local/pace-apps/manual/packages/anaconda3/2020.02/lib/python3.7/site-packages/sklearn/model_selection/_validation.py:536: FitFailedWarning: Estimator fit failed. The score on this train-test partition for these parameters will be set to nan. Details: 
TypeError: 'numpy.float64' object cannot be interpreted as an integer

  FitFailedWarning)
/usr/local/pace-apps/manual/packages/anaconda3/2020.02/lib/python3.7/site-packages/sklearn/model_selection/_validation.py:536: FitFailedWarning: Estimator fit failed. The score on this train-test partition for these parameters will be set to nan. Details: 
TypeError: 'numpy.float64' object cannot be interpreted as an integer

  FitFailedWarning)
/usr/local/pace-apps/manual/packages/anaconda3/2020.02/lib/python3.7/site-packages/sklearn/model_selection/_validation.py:536: FitFailedWarning: Estimator fit failed. The score on this train-test partition for these parameters will be set to nan. Details: 
TypeError: 'numpy.float64' object cannot be interpreted as an integer

  FitFailedWarning)
/usr/local/pace-apps/manual/packages/anaconda3/2020.02/lib/python3.7/site-packages/sklearn/model_selection/_validation.py:536: FitFailedWarning: Estimator fit failed. The score on this train-test partition for these parameters will be set to nan. Details: 
TypeError: 'numpy.float64' object cannot be interpreted as an integer

  FitFailedWarning)
/usr/local/pace-apps/manual/packages/anaconda3/2020.02/lib/python3.7/site-packages/sklearn/model_selection/_validation.py:536: FitFailedWarning: Estimator fit failed. The score on this train-test partition for these parameters will be set to nan. Details: 
TypeError: 'numpy.float64' object cannot be interpreted as an integer

  FitFailedWarning)
/usr/local/pace-apps/manual/packages/anaconda3/2020.02/lib/python3.7/site-packages/sklearn/model_selection/_validation.py:536: FitFailedWarning: Estimator fit failed. The score on this train-test partition for these parameters will be set to nan. Details: 
TypeError: 'numpy.float64' object cannot be interpreted as an integer

  FitFailedWarning)
/usr/local/pace-apps/manual/packages/anaconda3/2020.02/lib/python3.7/site-packages/sklearn/model_selection/_validation.py:536: FitFailedWarning: Estimator fit failed. The score on this train-test partition for these parameters will be set to nan. Details: 
TypeError: 'numpy.float64' object cannot be interpreted as an integer

  FitFailedWarning)
/usr/local/pace-apps/manual/packages/anaconda3/2020.02/lib/python3.7/site-packages/sklearn/model_selection/_validation.py:536: FitFailedWarning: Estimator fit failed. The score on this train-test partition for these parameters will be set to nan. Details: 
TypeError: 'numpy.float64' object cannot be interpreted as an integer

  FitFailedWarning)
/usr/local/pace-apps/manual/packages/anaconda3/2020.02/lib/python3.7/site-packages/sklearn/model_selection/_validation.py:536: FitFailedWarning: Estimator fit failed. The score on this train-test partition for these parameters will be set to nan. Details: 
TypeError: 'numpy.float64' object cannot be interpreted as an integer

  FitFailedWarning)
/usr/local/pace-apps/manual/packages/anaconda3/2020.02/lib/python3.7/site-packages/sklearn/model_selection/_validation.py:536: FitFailedWarning: Estimator fit failed. The score on this train-test partition for these parameters will be set to nan. Details: 
TypeError: 'numpy.float64' object cannot be interpreted as an integer

  FitFailedWarning)
/usr/local/pace-apps/manual/packages/anaconda3/2020.02/lib/python3.7/site-packages/sklearn/model_selection/_validation.py:536: FitFailedWarning: Estimator fit failed. The score on this train-test partition for these parameters will be set to nan. Details: 
TypeError: 'numpy.float64' object cannot be interpreted as an integer

  FitFailedWarning)
/usr/local/pace-apps/manual/packages/anaconda3/2020.02/lib/python3.7/site-packages/sklearn/model_selection/_validation.py:536: FitFailedWarning: Estimator fit failed. The score on this train-test partition for these parameters will be set to nan. Details: 
TypeError: 'numpy.float64' object cannot be interpreted as an integer

  FitFailedWarning)
/usr/local/pace-apps/manual/packages/anaconda3/2020.02/lib/python3.7/site-packages/sklearn/model_selection/_validation.py:536: FitFailedWarning: Estimator fit failed. The score on this train-test partition for these parameters will be set to nan. Details: 
TypeError: 'numpy.float64' object cannot be interpreted as an integer

  FitFailedWarning)
/usr/local/pace-apps/manual/packages/anaconda3/2020.02/lib/python3.7/site-packages/sklearn/model_selection/_validation.py:536: FitFailedWarning: Estimator fit failed. The score on this train-test partition for these parameters will be set to nan. Details: 
TypeError: 'numpy.float64' object cannot be interpreted as an integer

  FitFailedWarning)
/usr/local/pace-apps/manual/packages/anaconda3/2020.02/lib/python3.7/site-packages/sklearn/model_selection/_validation.py:536: FitFailedWarning: Estimator fit failed. The score on this train-test partition for these parameters will be set to nan. Details: 
TypeError: 'numpy.float64' object cannot be interpreted as an integer

  FitFailedWarning)
/usr/local/pace-apps/manual/packages/anaconda3/2020.02/lib/python3.7/site-packages/sklearn/model_selection/_validation.py:536: FitFailedWarning: Estimator fit failed. The score on this train-test partition for these parameters will be set to nan. Details: 
TypeError: 'numpy.float64' object cannot be interpreted as an integer

  FitFailedWarning)
/usr/local/pace-apps/manual/packages/anaconda3/2020.02/lib/python3.7/site-packages/sklearn/model_selection/_validation.py:536: FitFailedWarning: Estimator fit failed. The score on this train-test partition for these parameters will be set to nan. Details: 
TypeError: 'numpy.float64' object cannot be interpreted as an integer

  FitFailedWarning)
/usr/local/pace-apps/manual/packages/anaconda3/2020.02/lib/python3.7/site-packages/sklearn/model_selection/_validation.py:536: FitFailedWarning: Estimator fit failed. The score on this train-test partition for these parameters will be set to nan. Details: 
TypeError: 'numpy.float64' object cannot be interpreted as an integer

  FitFailedWarning)
/usr/local/pace-apps/manual/packages/anaconda3/2020.02/lib/python3.7/site-packages/sklearn/model_selection/_validation.py:536: FitFailedWarning: Estimator fit failed. The score on this train-test partition for these parameters will be set to nan. Details: 
TypeError: 'numpy.float64' object cannot be interpreted as an integer

  FitFailedWarning)
/usr/local/pace-apps/manual/packages/anaconda3/2020.02/lib/python3.7/site-packages/sklearn/model_selection/_validation.py:536: FitFailedWarning: Estimator fit failed. The score on this train-test partition for these parameters will be set to nan. Details: 
TypeError: 'numpy.float64' object cannot be interpreted as an integer

  FitFailedWarning)
/usr/local/pace-apps/manual/packages/anaconda3/2020.02/lib/python3.7/site-packages/sklearn/model_selection/_validation.py:536: FitFailedWarning: Estimator fit failed. The score on this train-test partition for these parameters will be set to nan. Details: 
TypeError: 'numpy.float64' object cannot be interpreted as an integer

  FitFailedWarning)
/usr/local/pace-apps/manual/packages/anaconda3/2020.02/lib/python3.7/site-packages/sklearn/model_selection/_validation.py:536: FitFailedWarning: Estimator fit failed. The score on this train-test partition for these parameters will be set to nan. Details: 
TypeError: 'numpy.float64' object cannot be interpreted as an integer

  FitFailedWarning)
/usr/local/pace-apps/manual/packages/anaconda3/2020.02/lib/python3.7/site-packages/sklearn/model_selection/_validation.py:536: FitFailedWarning: Estimator fit failed. The score on this train-test partition for these parameters will be set to nan. Details: 
TypeError: 'numpy.float64' object cannot be interpreted as an integer

  FitFailedWarning)
/usr/local/pace-apps/manual/packages/anaconda3/2020.02/lib/python3.7/site-packages/sklearn/model_selection/_validation.py:536: FitFailedWarning: Estimator fit failed. The score on this train-test partition for these parameters will be set to nan. Details: 
TypeError: 'numpy.float64' object cannot be interpreted as an integer

  FitFailedWarning)
/usr/local/pace-apps/manual/packages/anaconda3/2020.02/lib/python3.7/site-packages/sklearn/model_selection/_validation.py:536: FitFailedWarning: Estimator fit failed. The score on this train-test partition for these parameters will be set to nan. Details: 
TypeError: 'numpy.float64' object cannot be interpreted as an integer

  FitFailedWarning)
/usr/local/pace-apps/manual/packages/anaconda3/2020.02/lib/python3.7/site-packages/sklearn/model_selection/_validation.py:536: FitFailedWarning: Estimator fit failed. The score on this train-test partition for these parameters will be set to nan. Details: 
TypeError: 'numpy.float64' object cannot be interpreted as an integer

  FitFailedWarning)
/usr/local/pace-apps/manual/packages/anaconda3/2020.02/lib/python3.7/site-packages/sklearn/model_selection/_validation.py:536: FitFailedWarning: Estimator fit failed. The score on this train-test partition for these parameters will be set to nan. Details: 
TypeError: 'numpy.float64' object cannot be interpreted as an integer

  FitFailedWarning)
/usr/local/pace-apps/manual/packages/anaconda3/2020.02/lib/python3.7/site-packages/sklearn/model_selection/_validation.py:536: FitFailedWarning: Estimator fit failed. The score on this train-test partition for these parameters will be set to nan. Details: 
TypeError: 'numpy.float64' object cannot be interpreted as an integer

  FitFailedWarning)
/usr/local/pace-apps/manual/packages/anaconda3/2020.02/lib/python3.7/site-packages/sklearn/model_selection/_validation.py:536: FitFailedWarning: Estimator fit failed. The score on this train-test partition for these parameters will be set to nan. Details: 
TypeError: 'numpy.float64' object cannot be interpreted as an integer

  FitFailedWarning)
/usr/local/pace-apps/manual/packages/anaconda3/2020.02/lib/python3.7/site-packages/sklearn/model_selection/_validation.py:536: FitFailedWarning: Estimator fit failed. The score on this train-test partition for these parameters will be set to nan. Details: 
TypeError: 'numpy.float64' object cannot be interpreted as an integer

  FitFailedWarning)
/usr/local/pace-apps/manual/packages/anaconda3/2020.02/lib/python3.7/site-packages/sklearn/model_selection/_validation.py:536: FitFailedWarning: Estimator fit failed. The score on this train-test partition for these parameters will be set to nan. Details: 
TypeError: 'numpy.float64' object cannot be interpreted as an integer

  FitFailedWarning)
/usr/local/pace-apps/manual/packages/anaconda3/2020.02/lib/python3.7/site-packages/sklearn/model_selection/_validation.py:536: FitFailedWarning: Estimator fit failed. The score on this train-test partition for these parameters will be set to nan. Details: 
TypeError: 'numpy.float64' object cannot be interpreted as an integer

  FitFailedWarning)
/usr/local/pace-apps/manual/packages/anaconda3/2020.02/lib/python3.7/site-packages/sklearn/model_selection/_validation.py:536: FitFailedWarning: Estimator fit failed. The score on this train-test partition for these parameters will be set to nan. Details: 
TypeError: 'numpy.float64' object cannot be interpreted as an integer

  FitFailedWarning)
/usr/local/pace-apps/manual/packages/anaconda3/2020.02/lib/python3.7/site-packages/sklearn/model_selection/_validation.py:536: FitFailedWarning: Estimator fit failed. The score on this train-test partition for these parameters will be set to nan. Details: 
TypeError: 'numpy.float64' object cannot be interpreted as an integer

  FitFailedWarning)
/usr/local/pace-apps/manual/packages/anaconda3/2020.02/lib/python3.7/site-packages/sklearn/model_selection/_validation.py:536: FitFailedWarning: Estimator fit failed. The score on this train-test partition for these parameters will be set to nan. Details: 
TypeError: 'numpy.float64' object cannot be interpreted as an integer

  FitFailedWarning)
/usr/local/pace-apps/manual/packages/anaconda3/2020.02/lib/python3.7/site-packages/sklearn/model_selection/_validation.py:536: FitFailedWarning: Estimator fit failed. The score on this train-test partition for these parameters will be set to nan. Details: 
TypeError: 'numpy.float64' object cannot be interpreted as an integer

  FitFailedWarning)
/usr/local/pace-apps/manual/packages/anaconda3/2020.02/lib/python3.7/site-packages/sklearn/model_selection/_validation.py:536: FitFailedWarning: Estimator fit failed. The score on this train-test partition for these parameters will be set to nan. Details: 
TypeError: 'numpy.float64' object cannot be interpreted as an integer

  FitFailedWarning)
/usr/local/pace-apps/manual/packages/anaconda3/2020.02/lib/python3.7/site-packages/sklearn/model_selection/_validation.py:536: FitFailedWarning: Estimator fit failed. The score on this train-test partition for these parameters will be set to nan. Details: 
TypeError: 'numpy.float64' object cannot be interpreted as an integer

  FitFailedWarning)
/usr/local/pace-apps/manual/packages/anaconda3/2020.02/lib/python3.7/site-packages/sklearn/model_selection/_validation.py:536: FitFailedWarning: Estimator fit failed. The score on this train-test partition for these parameters will be set to nan. Details: 
TypeError: 'numpy.float64' object cannot be interpreted as an integer

  FitFailedWarning)
/usr/local/pace-apps/manual/packages/anaconda3/2020.02/lib/python3.7/site-packages/sklearn/model_selection/_validation.py:536: FitFailedWarning: Estimator fit failed. The score on this train-test partition for these parameters will be set to nan. Details: 
TypeError: 'numpy.float64' object cannot be interpreted as an integer

  FitFailedWarning)
/usr/local/pace-apps/manual/packages/anaconda3/2020.02/lib/python3.7/site-packages/sklearn/model_selection/_validation.py:536: FitFailedWarning: Estimator fit failed. The score on this train-test partition for these parameters will be set to nan. Details: 
TypeError: 'numpy.float64' object cannot be interpreted as an integer

  FitFailedWarning)
/usr/local/pace-apps/manual/packages/anaconda3/2020.02/lib/python3.7/site-packages/sklearn/model_selection/_validation.py:536: FitFailedWarning: Estimator fit failed. The score on this train-test partition for these parameters will be set to nan. Details: 
TypeError: 'numpy.float64' object cannot be interpreted as an integer

  FitFailedWarning)
/usr/local/pace-apps/manual/packages/anaconda3/2020.02/lib/python3.7/site-packages/sklearn/model_selection/_validation.py:536: FitFailedWarning: Estimator fit failed. The score on this train-test partition for these parameters will be set to nan. Details: 
TypeError: 'numpy.float64' object cannot be interpreted as an integer

  FitFailedWarning)
/usr/local/pace-apps/manual/packages/anaconda3/2020.02/lib/python3.7/site-packages/sklearn/model_selection/_validation.py:536: FitFailedWarning: Estimator fit failed. The score on this train-test partition for these parameters will be set to nan. Details: 
TypeError: 'numpy.float64' object cannot be interpreted as an integer

  FitFailedWarning)
/usr/local/pace-apps/manual/packages/anaconda3/2020.02/lib/python3.7/site-packages/sklearn/model_selection/_validation.py:536: FitFailedWarning: Estimator fit failed. The score on this train-test partition for these parameters will be set to nan. Details: 
TypeError: 'numpy.float64' object cannot be interpreted as an integer

  FitFailedWarning)
/usr/local/pace-apps/manual/packages/anaconda3/2020.02/lib/python3.7/site-packages/sklearn/model_selection/_validation.py:536: FitFailedWarning: Estimator fit failed. The score on this train-test partition for these parameters will be set to nan. Details: 
TypeError: 'numpy.float64' object cannot be interpreted as an integer

  FitFailedWarning)
/usr/local/pace-apps/manual/packages/anaconda3/2020.02/lib/python3.7/site-packages/sklearn/model_selection/_validation.py:536: FitFailedWarning: Estimator fit failed. The score on this train-test partition for these parameters will be set to nan. Details: 
TypeError: 'numpy.float64' object cannot be interpreted as an integer

  FitFailedWarning)
/usr/local/pace-apps/manual/packages/anaconda3/2020.02/lib/python3.7/site-packages/sklearn/model_selection/_validation.py:536: FitFailedWarning: Estimator fit failed. The score on this train-test partition for these parameters will be set to nan. Details: 
TypeError: 'numpy.float64' object cannot be interpreted as an integer

  FitFailedWarning)
/usr/local/pace-apps/manual/packages/anaconda3/2020.02/lib/python3.7/site-packages/sklearn/model_selection/_validation.py:536: FitFailedWarning: Estimator fit failed. The score on this train-test partition for these parameters will be set to nan. Details: 
TypeError: 'numpy.float64' object cannot be interpreted as an integer

  FitFailedWarning)
/usr/local/pace-apps/manual/packages/anaconda3/2020.02/lib/python3.7/site-packages/sklearn/model_selection/_validation.py:536: FitFailedWarning: Estimator fit failed. The score on this train-test partition for these parameters will be set to nan. Details: 
TypeError: 'numpy.float64' object cannot be interpreted as an integer

  FitFailedWarning)
/usr/local/pace-apps/manual/packages/anaconda3/2020.02/lib/python3.7/site-packages/sklearn/model_selection/_validation.py:536: FitFailedWarning: Estimator fit failed. The score on this train-test partition for these parameters will be set to nan. Details: 
TypeError: 'numpy.float64' object cannot be interpreted as an integer

  FitFailedWarning)
/usr/local/pace-apps/manual/packages/anaconda3/2020.02/lib/python3.7/site-packages/sklearn/model_selection/_validation.py:536: FitFailedWarning: Estimator fit failed. The score on this train-test partition for these parameters will be set to nan. Details: 
TypeError: 'numpy.float64' object cannot be interpreted as an integer

  FitFailedWarning)
/usr/local/pace-apps/manual/packages/anaconda3/2020.02/lib/python3.7/site-packages/sklearn/model_selection/_validation.py:536: FitFailedWarning: Estimator fit failed. The score on this train-test partition for these parameters will be set to nan. Details: 
TypeError: 'numpy.float64' object cannot be interpreted as an integer

  FitFailedWarning)
/usr/local/pace-apps/manual/packages/anaconda3/2020.02/lib/python3.7/site-packages/sklearn/model_selection/_validation.py:536: FitFailedWarning: Estimator fit failed. The score on this train-test partition for these parameters will be set to nan. Details: 
TypeError: 'numpy.float64' object cannot be interpreted as an integer

  FitFailedWarning)
/usr/local/pace-apps/manual/packages/anaconda3/2020.02/lib/python3.7/site-packages/sklearn/model_selection/_validation.py:536: FitFailedWarning: Estimator fit failed. The score on this train-test partition for these parameters will be set to nan. Details: 
TypeError: 'numpy.float64' object cannot be interpreted as an integer

  FitFailedWarning)
/usr/local/pace-apps/manual/packages/anaconda3/2020.02/lib/python3.7/site-packages/sklearn/model_selection/_validation.py:536: FitFailedWarning: Estimator fit failed. The score on this train-test partition for these parameters will be set to nan. Details: 
TypeError: 'numpy.float64' object cannot be interpreted as an integer

  FitFailedWarning)
/usr/local/pace-apps/manual/packages/anaconda3/2020.02/lib/python3.7/site-packages/sklearn/model_selection/_validation.py:536: FitFailedWarning: Estimator fit failed. The score on this train-test partition for these parameters will be set to nan. Details: 
TypeError: 'numpy.float64' object cannot be interpreted as an integer

  FitFailedWarning)
/usr/local/pace-apps/manual/packages/anaconda3/2020.02/lib/python3.7/site-packages/sklearn/model_selection/_validation.py:536: FitFailedWarning: Estimator fit failed. The score on this train-test partition for these parameters will be set to nan. Details: 
TypeError: 'numpy.float64' object cannot be interpreted as an integer

  FitFailedWarning)
/usr/local/pace-apps/manual/packages/anaconda3/2020.02/lib/python3.7/site-packages/sklearn/model_selection/_validation.py:536: FitFailedWarning: Estimator fit failed. The score on this train-test partition for these parameters will be set to nan. Details: 
TypeError: 'numpy.float64' object cannot be interpreted as an integer

  FitFailedWarning)
/usr/local/pace-apps/manual/packages/anaconda3/2020.02/lib/python3.7/site-packages/sklearn/model_selection/_validation.py:536: FitFailedWarning: Estimator fit failed. The score on this train-test partition for these parameters will be set to nan. Details: 
TypeError: 'numpy.float64' object cannot be interpreted as an integer

  FitFailedWarning)
/usr/local/pace-apps/manual/packages/anaconda3/2020.02/lib/python3.7/site-packages/sklearn/model_selection/_validation.py:536: FitFailedWarning: Estimator fit failed. The score on this train-test partition for these parameters will be set to nan. Details: 
TypeError: 'numpy.float64' object cannot be interpreted as an integer

  FitFailedWarning)
/usr/local/pace-apps/manual/packages/anaconda3/2020.02/lib/python3.7/site-packages/sklearn/model_selection/_validation.py:536: FitFailedWarning: Estimator fit failed. The score on this train-test partition for these parameters will be set to nan. Details: 
TypeError: 'numpy.float64' object cannot be interpreted as an integer

  FitFailedWarning)
/usr/local/pace-apps/manual/packages/anaconda3/2020.02/lib/python3.7/site-packages/sklearn/model_selection/_validation.py:536: FitFailedWarning: Estimator fit failed. The score on this train-test partition for these parameters will be set to nan. Details: 
TypeError: 'numpy.float64' object cannot be interpreted as an integer

  FitFailedWarning)
/usr/local/pace-apps/manual/packages/anaconda3/2020.02/lib/python3.7/site-packages/sklearn/model_selection/_validation.py:536: FitFailedWarning: Estimator fit failed. The score on this train-test partition for these parameters will be set to nan. Details: 
TypeError: 'numpy.float64' object cannot be interpreted as an integer

  FitFailedWarning)
/usr/local/pace-apps/manual/packages/anaconda3/2020.02/lib/python3.7/site-packages/sklearn/model_selection/_validation.py:536: FitFailedWarning: Estimator fit failed. The score on this train-test partition for these parameters will be set to nan. Details: 
TypeError: 'numpy.float64' object cannot be interpreted as an integer

  FitFailedWarning)
/usr/local/pace-apps/manual/packages/anaconda3/2020.02/lib/python3.7/site-packages/sklearn/model_selection/_validation.py:536: FitFailedWarning: Estimator fit failed. The score on this train-test partition for these parameters will be set to nan. Details: 
TypeError: 'numpy.float64' object cannot be interpreted as an integer

  FitFailedWarning)
/usr/local/pace-apps/manual/packages/anaconda3/2020.02/lib/python3.7/site-packages/sklearn/model_selection/_validation.py:536: FitFailedWarning: Estimator fit failed. The score on this train-test partition for these parameters will be set to nan. Details: 
TypeError: 'numpy.float64' object cannot be interpreted as an integer

  FitFailedWarning)
/usr/local/pace-apps/manual/packages/anaconda3/2020.02/lib/python3.7/site-packages/sklearn/model_selection/_validation.py:536: FitFailedWarning: Estimator fit failed. The score on this train-test partition for these parameters will be set to nan. Details: 
TypeError: 'numpy.float64' object cannot be interpreted as an integer

  FitFailedWarning)
/usr/local/pace-apps/manual/packages/anaconda3/2020.02/lib/python3.7/site-packages/sklearn/model_selection/_validation.py:536: FitFailedWarning: Estimator fit failed. The score on this train-test partition for these parameters will be set to nan. Details: 
TypeError: 'numpy.float64' object cannot be interpreted as an integer

  FitFailedWarning)
/usr/local/pace-apps/manual/packages/anaconda3/2020.02/lib/python3.7/site-packages/sklearn/model_selection/_validation.py:536: FitFailedWarning: Estimator fit failed. The score on this train-test partition for these parameters will be set to nan. Details: 
TypeError: 'numpy.float64' object cannot be interpreted as an integer

  FitFailedWarning)
/usr/local/pace-apps/manual/packages/anaconda3/2020.02/lib/python3.7/site-packages/sklearn/model_selection/_validation.py:536: FitFailedWarning: Estimator fit failed. The score on this train-test partition for these parameters will be set to nan. Details: 
TypeError: 'numpy.float64' object cannot be interpreted as an integer

  FitFailedWarning)
/usr/local/pace-apps/manual/packages/anaconda3/2020.02/lib/python3.7/site-packages/sklearn/model_selection/_validation.py:536: FitFailedWarning: Estimator fit failed. The score on this train-test partition for these parameters will be set to nan. Details: 
TypeError: 'numpy.float64' object cannot be interpreted as an integer

  FitFailedWarning)
/usr/local/pace-apps/manual/packages/anaconda3/2020.02/lib/python3.7/site-packages/sklearn/model_selection/_validation.py:536: FitFailedWarning: Estimator fit failed. The score on this train-test partition for these parameters will be set to nan. Details: 
TypeError: 'numpy.float64' object cannot be interpreted as an integer

  FitFailedWarning)
/usr/local/pace-apps/manual/packages/anaconda3/2020.02/lib/python3.7/site-packages/sklearn/model_selection/_validation.py:536: FitFailedWarning: Estimator fit failed. The score on this train-test partition for these parameters will be set to nan. Details: 
TypeError: 'numpy.float64' object cannot be interpreted as an integer

  FitFailedWarning)
/usr/local/pace-apps/manual/packages/anaconda3/2020.02/lib/python3.7/site-packages/sklearn/model_selection/_validation.py:536: FitFailedWarning: Estimator fit failed. The score on this train-test partition for these parameters will be set to nan. Details: 
TypeError: 'numpy.float64' object cannot be interpreted as an integer

  FitFailedWarning)
/usr/local/pace-apps/manual/packages/anaconda3/2020.02/lib/python3.7/site-packages/sklearn/model_selection/_validation.py:536: FitFailedWarning: Estimator fit failed. The score on this train-test partition for these parameters will be set to nan. Details: 
TypeError: 'numpy.float64' object cannot be interpreted as an integer

  FitFailedWarning)
/usr/local/pace-apps/manual/packages/anaconda3/2020.02/lib/python3.7/site-packages/sklearn/model_selection/_validation.py:536: FitFailedWarning: Estimator fit failed. The score on this train-test partition for these parameters will be set to nan. Details: 
TypeError: 'numpy.float64' object cannot be interpreted as an integer

  FitFailedWarning)
/usr/local/pace-apps/manual/packages/anaconda3/2020.02/lib/python3.7/site-packages/sklearn/model_selection/_validation.py:536: FitFailedWarning: Estimator fit failed. The score on this train-test partition for these parameters will be set to nan. Details: 
TypeError: 'numpy.float64' object cannot be interpreted as an integer

  FitFailedWarning)
/usr/local/pace-apps/manual/packages/anaconda3/2020.02/lib/python3.7/site-packages/sklearn/model_selection/_validation.py:536: FitFailedWarning: Estimator fit failed. The score on this train-test partition for these parameters will be set to nan. Details: 
TypeError: 'numpy.float64' object cannot be interpreted as an integer

  FitFailedWarning)
/usr/local/pace-apps/manual/packages/anaconda3/2020.02/lib/python3.7/site-packages/sklearn/model_selection/_validation.py:536: FitFailedWarning: Estimator fit failed. The score on this train-test partition for these parameters will be set to nan. Details: 
TypeError: 'numpy.float64' object cannot be interpreted as an integer

  FitFailedWarning)
/usr/local/pace-apps/manual/packages/anaconda3/2020.02/lib/python3.7/site-packages/sklearn/model_selection/_validation.py:536: FitFailedWarning: Estimator fit failed. The score on this train-test partition for these parameters will be set to nan. Details: 
TypeError: 'numpy.float64' object cannot be interpreted as an integer

  FitFailedWarning)
/usr/local/pace-apps/manual/packages/anaconda3/2020.02/lib/python3.7/site-packages/sklearn/model_selection/_validation.py:536: FitFailedWarning: Estimator fit failed. The score on this train-test partition for these parameters will be set to nan. Details: 
TypeError: 'numpy.float64' object cannot be interpreted as an integer

  FitFailedWarning)
/usr/local/pace-apps/manual/packages/anaconda3/2020.02/lib/python3.7/site-packages/sklearn/model_selection/_validation.py:536: FitFailedWarning: Estimator fit failed. The score on this train-test partition for these parameters will be set to nan. Details: 
TypeError: 'numpy.float64' object cannot be interpreted as an integer

  FitFailedWarning)
/usr/local/pace-apps/manual/packages/anaconda3/2020.02/lib/python3.7/site-packages/sklearn/model_selection/_validation.py:536: FitFailedWarning: Estimator fit failed. The score on this train-test partition for these parameters will be set to nan. Details: 
TypeError: 'numpy.float64' object cannot be interpreted as an integer

  FitFailedWarning)
/usr/local/pace-apps/manual/packages/anaconda3/2020.02/lib/python3.7/site-packages/sklearn/model_selection/_validation.py:536: FitFailedWarning: Estimator fit failed. The score on this train-test partition for these parameters will be set to nan. Details: 
TypeError: 'numpy.float64' object cannot be interpreted as an integer

  FitFailedWarning)
/usr/local/pace-apps/manual/packages/anaconda3/2020.02/lib/python3.7/site-packages/sklearn/model_selection/_validation.py:536: FitFailedWarning: Estimator fit failed. The score on this train-test partition for these parameters will be set to nan. Details: 
TypeError: 'numpy.float64' object cannot be interpreted as an integer

  FitFailedWarning)
/usr/local/pace-apps/manual/packages/anaconda3/2020.02/lib/python3.7/site-packages/sklearn/model_selection/_validation.py:536: FitFailedWarning: Estimator fit failed. The score on this train-test partition for these parameters will be set to nan. Details: 
TypeError: 'numpy.float64' object cannot be interpreted as an integer

  FitFailedWarning)
/usr/local/pace-apps/manual/packages/anaconda3/2020.02/lib/python3.7/site-packages/sklearn/model_selection/_validation.py:536: FitFailedWarning: Estimator fit failed. The score on this train-test partition for these parameters will be set to nan. Details: 
TypeError: 'numpy.float64' object cannot be interpreted as an integer

  FitFailedWarning)
/usr/local/pace-apps/manual/packages/anaconda3/2020.02/lib/python3.7/site-packages/sklearn/model_selection/_validation.py:536: FitFailedWarning: Estimator fit failed. The score on this train-test partition for these parameters will be set to nan. Details: 
TypeError: 'numpy.float64' object cannot be interpreted as an integer

  FitFailedWarning)
/usr/local/pace-apps/manual/packages/anaconda3/2020.02/lib/python3.7/site-packages/sklearn/model_selection/_validation.py:536: FitFailedWarning: Estimator fit failed. The score on this train-test partition for these parameters will be set to nan. Details: 
TypeError: 'numpy.float64' object cannot be interpreted as an integer

  FitFailedWarning)
/usr/local/pace-apps/manual/packages/anaconda3/2020.02/lib/python3.7/site-packages/sklearn/model_selection/_validation.py:536: FitFailedWarning: Estimator fit failed. The score on this train-test partition for these parameters will be set to nan. Details: 
TypeError: 'numpy.float64' object cannot be interpreted as an integer

  FitFailedWarning)
/usr/local/pace-apps/manual/packages/anaconda3/2020.02/lib/python3.7/site-packages/sklearn/model_selection/_validation.py:536: FitFailedWarning: Estimator fit failed. The score on this train-test partition for these parameters will be set to nan. Details: 
TypeError: 'numpy.float64' object cannot be interpreted as an integer

  FitFailedWarning)
/usr/local/pace-apps/manual/packages/anaconda3/2020.02/lib/python3.7/site-packages/sklearn/model_selection/_validation.py:536: FitFailedWarning: Estimator fit failed. The score on this train-test partition for these parameters will be set to nan. Details: 
TypeError: 'numpy.float64' object cannot be interpreted as an integer

  FitFailedWarning)
/usr/local/pace-apps/manual/packages/anaconda3/2020.02/lib/python3.7/site-packages/sklearn/model_selection/_validation.py:536: FitFailedWarning: Estimator fit failed. The score on this train-test partition for these parameters will be set to nan. Details: 
TypeError: 'numpy.float64' object cannot be interpreted as an integer

  FitFailedWarning)
/usr/local/pace-apps/manual/packages/anaconda3/2020.02/lib/python3.7/site-packages/sklearn/model_selection/_validation.py:536: FitFailedWarning: Estimator fit failed. The score on this train-test partition for these parameters will be set to nan. Details: 
TypeError: 'numpy.float64' object cannot be interpreted as an integer

  FitFailedWarning)
/usr/local/pace-apps/manual/packages/anaconda3/2020.02/lib/python3.7/site-packages/sklearn/model_selection/_validation.py:536: FitFailedWarning: Estimator fit failed. The score on this train-test partition for these parameters will be set to nan. Details: 
TypeError: 'numpy.float64' object cannot be interpreted as an integer

  FitFailedWarning)
/usr/local/pace-apps/manual/packages/anaconda3/2020.02/lib/python3.7/site-packages/sklearn/model_selection/_validation.py:536: FitFailedWarning: Estimator fit failed. The score on this train-test partition for these parameters will be set to nan. Details: 
TypeError: 'numpy.float64' object cannot be interpreted as an integer

  FitFailedWarning)
/usr/local/pace-apps/manual/packages/anaconda3/2020.02/lib/python3.7/site-packages/sklearn/model_selection/_validation.py:536: FitFailedWarning: Estimator fit failed. The score on this train-test partition for these parameters will be set to nan. Details: 
TypeError: 'numpy.float64' object cannot be interpreted as an integer

  FitFailedWarning)
/usr/local/pace-apps/manual/packages/anaconda3/2020.02/lib/python3.7/site-packages/sklearn/model_selection/_validation.py:536: FitFailedWarning: Estimator fit failed. The score on this train-test partition for these parameters will be set to nan. Details: 
TypeError: 'numpy.float64' object cannot be interpreted as an integer

  FitFailedWarning)
/usr/local/pace-apps/manual/packages/anaconda3/2020.02/lib/python3.7/site-packages/sklearn/model_selection/_validation.py:536: FitFailedWarning: Estimator fit failed. The score on this train-test partition for these parameters will be set to nan. Details: 
TypeError: 'numpy.float64' object cannot be interpreted as an integer

  FitFailedWarning)
/usr/local/pace-apps/manual/packages/anaconda3/2020.02/lib/python3.7/site-packages/sklearn/model_selection/_validation.py:536: FitFailedWarning: Estimator fit failed. The score on this train-test partition for these parameters will be set to nan. Details: 
TypeError: 'numpy.float64' object cannot be interpreted as an integer

  FitFailedWarning)
/usr/local/pace-apps/manual/packages/anaconda3/2020.02/lib/python3.7/site-packages/sklearn/model_selection/_validation.py:536: FitFailedWarning: Estimator fit failed. The score on this train-test partition for these parameters will be set to nan. Details: 
TypeError: 'numpy.float64' object cannot be interpreted as an integer

  FitFailedWarning)
/usr/local/pace-apps/manual/packages/anaconda3/2020.02/lib/python3.7/site-packages/sklearn/model_selection/_validation.py:536: FitFailedWarning: Estimator fit failed. The score on this train-test partition for these parameters will be set to nan. Details: 
TypeError: 'numpy.float64' object cannot be interpreted as an integer

  FitFailedWarning)
/usr/local/pace-apps/manual/packages/anaconda3/2020.02/lib/python3.7/site-packages/sklearn/model_selection/_validation.py:536: FitFailedWarning: Estimator fit failed. The score on this train-test partition for these parameters will be set to nan. Details: 
TypeError: 'numpy.float64' object cannot be interpreted as an integer

  FitFailedWarning)
/usr/local/pace-apps/manual/packages/anaconda3/2020.02/lib/python3.7/site-packages/sklearn/model_selection/_validation.py:536: FitFailedWarning: Estimator fit failed. The score on this train-test partition for these parameters will be set to nan. Details: 
TypeError: 'numpy.float64' object cannot be interpreted as an integer

  FitFailedWarning)
/usr/local/pace-apps/manual/packages/anaconda3/2020.02/lib/python3.7/site-packages/sklearn/model_selection/_validation.py:536: FitFailedWarning: Estimator fit failed. The score on this train-test partition for these parameters will be set to nan. Details: 
TypeError: 'numpy.float64' object cannot be interpreted as an integer

  FitFailedWarning)
/usr/local/pace-apps/manual/packages/anaconda3/2020.02/lib/python3.7/site-packages/sklearn/model_selection/_validation.py:536: FitFailedWarning: Estimator fit failed. The score on this train-test partition for these parameters will be set to nan. Details: 
TypeError: 'numpy.float64' object cannot be interpreted as an integer

  FitFailedWarning)
/usr/local/pace-apps/manual/packages/anaconda3/2020.02/lib/python3.7/site-packages/sklearn/model_selection/_validation.py:536: FitFailedWarning: Estimator fit failed. The score on this train-test partition for these parameters will be set to nan. Details: 
TypeError: 'numpy.float64' object cannot be interpreted as an integer

  FitFailedWarning)
/usr/local/pace-apps/manual/packages/anaconda3/2020.02/lib/python3.7/site-packages/sklearn/model_selection/_validation.py:536: FitFailedWarning: Estimator fit failed. The score on this train-test partition for these parameters will be set to nan. Details: 
TypeError: 'numpy.float64' object cannot be interpreted as an integer

  FitFailedWarning)
/usr/local/pace-apps/manual/packages/anaconda3/2020.02/lib/python3.7/site-packages/sklearn/model_selection/_validation.py:536: FitFailedWarning: Estimator fit failed. The score on this train-test partition for these parameters will be set to nan. Details: 
TypeError: 'numpy.float64' object cannot be interpreted as an integer

  FitFailedWarning)
/usr/local/pace-apps/manual/packages/anaconda3/2020.02/lib/python3.7/site-packages/sklearn/model_selection/_validation.py:536: FitFailedWarning: Estimator fit failed. The score on this train-test partition for these parameters will be set to nan. Details: 
TypeError: 'numpy.float64' object cannot be interpreted as an integer

  FitFailedWarning)
/usr/local/pace-apps/manual/packages/anaconda3/2020.02/lib/python3.7/site-packages/sklearn/model_selection/_validation.py:536: FitFailedWarning: Estimator fit failed. The score on this train-test partition for these parameters will be set to nan. Details: 
TypeError: 'numpy.float64' object cannot be interpreted as an integer

  FitFailedWarning)
/usr/local/pace-apps/manual/packages/anaconda3/2020.02/lib/python3.7/site-packages/sklearn/model_selection/_validation.py:536: FitFailedWarning: Estimator fit failed. The score on this train-test partition for these parameters will be set to nan. Details: 
TypeError: 'numpy.float64' object cannot be interpreted as an integer

  FitFailedWarning)
/usr/local/pace-apps/manual/packages/anaconda3/2020.02/lib/python3.7/site-packages/sklearn/model_selection/_validation.py:536: FitFailedWarning: Estimator fit failed. The score on this train-test partition for these parameters will be set to nan. Details: 
TypeError: 'numpy.float64' object cannot be interpreted as an integer

  FitFailedWarning)
/usr/local/pace-apps/manual/packages/anaconda3/2020.02/lib/python3.7/site-packages/sklearn/model_selection/_validation.py:536: FitFailedWarning: Estimator fit failed. The score on this train-test partition for these parameters will be set to nan. Details: 
TypeError: 'numpy.float64' object cannot be interpreted as an integer

  FitFailedWarning)
/usr/local/pace-apps/manual/packages/anaconda3/2020.02/lib/python3.7/site-packages/sklearn/model_selection/_validation.py:536: FitFailedWarning: Estimator fit failed. The score on this train-test partition for these parameters will be set to nan. Details: 
TypeError: 'numpy.float64' object cannot be interpreted as an integer

  FitFailedWarning)
/usr/local/pace-apps/manual/packages/anaconda3/2020.02/lib/python3.7/site-packages/sklearn/model_selection/_validation.py:536: FitFailedWarning: Estimator fit failed. The score on this train-test partition for these parameters will be set to nan. Details: 
TypeError: 'numpy.float64' object cannot be interpreted as an integer

  FitFailedWarning)
/usr/local/pace-apps/manual/packages/anaconda3/2020.02/lib/python3.7/site-packages/sklearn/model_selection/_validation.py:536: FitFailedWarning: Estimator fit failed. The score on this train-test partition for these parameters will be set to nan. Details: 
TypeError: 'numpy.float64' object cannot be interpreted as an integer

  FitFailedWarning)
/usr/local/pace-apps/manual/packages/anaconda3/2020.02/lib/python3.7/site-packages/sklearn/model_selection/_validation.py:536: FitFailedWarning: Estimator fit failed. The score on this train-test partition for these parameters will be set to nan. Details: 
TypeError: 'numpy.float64' object cannot be interpreted as an integer

  FitFailedWarning)
/usr/local/pace-apps/manual/packages/anaconda3/2020.02/lib/python3.7/site-packages/sklearn/model_selection/_validation.py:536: FitFailedWarning: Estimator fit failed. The score on this train-test partition for these parameters will be set to nan. Details: 
TypeError: 'numpy.float64' object cannot be interpreted as an integer

  FitFailedWarning)
/usr/local/pace-apps/manual/packages/anaconda3/2020.02/lib/python3.7/site-packages/sklearn/model_selection/_validation.py:536: FitFailedWarning: Estimator fit failed. The score on this train-test partition for these parameters will be set to nan. Details: 
TypeError: 'numpy.float64' object cannot be interpreted as an integer

  FitFailedWarning)
/usr/local/pace-apps/manual/packages/anaconda3/2020.02/lib/python3.7/site-packages/sklearn/model_selection/_validation.py:536: FitFailedWarning: Estimator fit failed. The score on this train-test partition for these parameters will be set to nan. Details: 
TypeError: 'numpy.float64' object cannot be interpreted as an integer

  FitFailedWarning)
/usr/local/pace-apps/manual/packages/anaconda3/2020.02/lib/python3.7/site-packages/sklearn/model_selection/_validation.py:536: FitFailedWarning: Estimator fit failed. The score on this train-test partition for these parameters will be set to nan. Details: 
TypeError: 'numpy.float64' object cannot be interpreted as an integer

  FitFailedWarning)
/usr/local/pace-apps/manual/packages/anaconda3/2020.02/lib/python3.7/site-packages/sklearn/model_selection/_validation.py:536: FitFailedWarning: Estimator fit failed. The score on this train-test partition for these parameters will be set to nan. Details: 
TypeError: 'numpy.float64' object cannot be interpreted as an integer

  FitFailedWarning)
/usr/local/pace-apps/manual/packages/anaconda3/2020.02/lib/python3.7/site-packages/sklearn/model_selection/_validation.py:536: FitFailedWarning: Estimator fit failed. The score on this train-test partition for these parameters will be set to nan. Details: 
TypeError: 'numpy.float64' object cannot be interpreted as an integer

  FitFailedWarning)
/usr/local/pace-apps/manual/packages/anaconda3/2020.02/lib/python3.7/site-packages/sklearn/model_selection/_validation.py:536: FitFailedWarning: Estimator fit failed. The score on this train-test partition for these parameters will be set to nan. Details: 
TypeError: 'numpy.float64' object cannot be interpreted as an integer

  FitFailedWarning)
/usr/local/pace-apps/manual/packages/anaconda3/2020.02/lib/python3.7/site-packages/sklearn/model_selection/_validation.py:536: FitFailedWarning: Estimator fit failed. The score on this train-test partition for these parameters will be set to nan. Details: 
TypeError: 'numpy.float64' object cannot be interpreted as an integer

  FitFailedWarning)
/usr/local/pace-apps/manual/packages/anaconda3/2020.02/lib/python3.7/site-packages/sklearn/model_selection/_validation.py:536: FitFailedWarning: Estimator fit failed. The score on this train-test partition for these parameters will be set to nan. Details: 
TypeError: 'numpy.float64' object cannot be interpreted as an integer

  FitFailedWarning)
/usr/local/pace-apps/manual/packages/anaconda3/2020.02/lib/python3.7/site-packages/sklearn/model_selection/_validation.py:536: FitFailedWarning: Estimator fit failed. The score on this train-test partition for these parameters will be set to nan. Details: 
TypeError: 'numpy.float64' object cannot be interpreted as an integer

  FitFailedWarning)
/usr/local/pace-apps/manual/packages/anaconda3/2020.02/lib/python3.7/site-packages/sklearn/model_selection/_validation.py:536: FitFailedWarning: Estimator fit failed. The score on this train-test partition for these parameters will be set to nan. Details: 
TypeError: 'numpy.float64' object cannot be interpreted as an integer

  FitFailedWarning)
/usr/local/pace-apps/manual/packages/anaconda3/2020.02/lib/python3.7/site-packages/sklearn/model_selection/_validation.py:536: FitFailedWarning: Estimator fit failed. The score on this train-test partition for these parameters will be set to nan. Details: 
TypeError: 'numpy.float64' object cannot be interpreted as an integer

  FitFailedWarning)
/usr/local/pace-apps/manual/packages/anaconda3/2020.02/lib/python3.7/site-packages/sklearn/model_selection/_validation.py:536: FitFailedWarning: Estimator fit failed. The score on this train-test partition for these parameters will be set to nan. Details: 
TypeError: 'numpy.float64' object cannot be interpreted as an integer

  FitFailedWarning)
/usr/local/pace-apps/manual/packages/anaconda3/2020.02/lib/python3.7/site-packages/sklearn/model_selection/_validation.py:536: FitFailedWarning: Estimator fit failed. The score on this train-test partition for these parameters will be set to nan. Details: 
TypeError: 'numpy.float64' object cannot be interpreted as an integer

  FitFailedWarning)
/usr/local/pace-apps/manual/packages/anaconda3/2020.02/lib/python3.7/site-packages/sklearn/model_selection/_validation.py:536: FitFailedWarning: Estimator fit failed. The score on this train-test partition for these parameters will be set to nan. Details: 
TypeError: 'numpy.float64' object cannot be interpreted as an integer

  FitFailedWarning)
/usr/local/pace-apps/manual/packages/anaconda3/2020.02/lib/python3.7/site-packages/sklearn/model_selection/_validation.py:536: FitFailedWarning: Estimator fit failed. The score on this train-test partition for these parameters will be set to nan. Details: 
TypeError: 'numpy.float64' object cannot be interpreted as an integer

  FitFailedWarning)
/usr/local/pace-apps/manual/packages/anaconda3/2020.02/lib/python3.7/site-packages/sklearn/model_selection/_validation.py:536: FitFailedWarning: Estimator fit failed. The score on this train-test partition for these parameters will be set to nan. Details: 
TypeError: 'numpy.float64' object cannot be interpreted as an integer

  FitFailedWarning)
/usr/local/pace-apps/manual/packages/anaconda3/2020.02/lib/python3.7/site-packages/sklearn/model_selection/_validation.py:536: FitFailedWarning: Estimator fit failed. The score on this train-test partition for these parameters will be set to nan. Details: 
TypeError: 'numpy.float64' object cannot be interpreted as an integer

  FitFailedWarning)
/usr/local/pace-apps/manual/packages/anaconda3/2020.02/lib/python3.7/site-packages/sklearn/model_selection/_validation.py:536: FitFailedWarning: Estimator fit failed. The score on this train-test partition for these parameters will be set to nan. Details: 
TypeError: 'numpy.float64' object cannot be interpreted as an integer

  FitFailedWarning)
/usr/local/pace-apps/manual/packages/anaconda3/2020.02/lib/python3.7/site-packages/sklearn/model_selection/_validation.py:536: FitFailedWarning: Estimator fit failed. The score on this train-test partition for these parameters will be set to nan. Details: 
TypeError: 'numpy.float64' object cannot be interpreted as an integer

  FitFailedWarning)
/usr/local/pace-apps/manual/packages/anaconda3/2020.02/lib/python3.7/site-packages/sklearn/model_selection/_validation.py:536: FitFailedWarning: Estimator fit failed. The score on this train-test partition for these parameters will be set to nan. Details: 
TypeError: 'numpy.float64' object cannot be interpreted as an integer

  FitFailedWarning)
/usr/local/pace-apps/manual/packages/anaconda3/2020.02/lib/python3.7/site-packages/sklearn/model_selection/_validation.py:536: FitFailedWarning: Estimator fit failed. The score on this train-test partition for these parameters will be set to nan. Details: 
TypeError: 'numpy.float64' object cannot be interpreted as an integer

  FitFailedWarning)
/usr/local/pace-apps/manual/packages/anaconda3/2020.02/lib/python3.7/site-packages/sklearn/model_selection/_validation.py:536: FitFailedWarning: Estimator fit failed. The score on this train-test partition for these parameters will be set to nan. Details: 
TypeError: 'numpy.float64' object cannot be interpreted as an integer

  FitFailedWarning)
/usr/local/pace-apps/manual/packages/anaconda3/2020.02/lib/python3.7/site-packages/sklearn/model_selection/_validation.py:536: FitFailedWarning: Estimator fit failed. The score on this train-test partition for these parameters will be set to nan. Details: 
TypeError: 'numpy.float64' object cannot be interpreted as an integer

  FitFailedWarning)
/usr/local/pace-apps/manual/packages/anaconda3/2020.02/lib/python3.7/site-packages/sklearn/model_selection/_validation.py:536: FitFailedWarning: Estimator fit failed. The score on this train-test partition for these parameters will be set to nan. Details: 
TypeError: 'numpy.float64' object cannot be interpreted as an integer

  FitFailedWarning)
/usr/local/pace-apps/manual/packages/anaconda3/2020.02/lib/python3.7/site-packages/sklearn/model_selection/_validation.py:536: FitFailedWarning: Estimator fit failed. The score on this train-test partition for these parameters will be set to nan. Details: 
TypeError: 'numpy.float64' object cannot be interpreted as an integer

  FitFailedWarning)
/usr/local/pace-apps/manual/packages/anaconda3/2020.02/lib/python3.7/site-packages/sklearn/model_selection/_validation.py:536: FitFailedWarning: Estimator fit failed. The score on this train-test partition for these parameters will be set to nan. Details: 
TypeError: 'numpy.float64' object cannot be interpreted as an integer

  FitFailedWarning)
/usr/local/pace-apps/manual/packages/anaconda3/2020.02/lib/python3.7/site-packages/sklearn/model_selection/_validation.py:536: FitFailedWarning: Estimator fit failed. The score on this train-test partition for these parameters will be set to nan. Details: 
TypeError: 'numpy.float64' object cannot be interpreted as an integer

  FitFailedWarning)
/usr/local/pace-apps/manual/packages/anaconda3/2020.02/lib/python3.7/site-packages/sklearn/model_selection/_validation.py:536: FitFailedWarning: Estimator fit failed. The score on this train-test partition for these parameters will be set to nan. Details: 
TypeError: 'numpy.float64' object cannot be interpreted as an integer

  FitFailedWarning)
/usr/local/pace-apps/manual/packages/anaconda3/2020.02/lib/python3.7/site-packages/sklearn/model_selection/_validation.py:536: FitFailedWarning: Estimator fit failed. The score on this train-test partition for these parameters will be set to nan. Details: 
TypeError: 'numpy.float64' object cannot be interpreted as an integer

  FitFailedWarning)
/usr/local/pace-apps/manual/packages/anaconda3/2020.02/lib/python3.7/site-packages/sklearn/model_selection/_validation.py:536: FitFailedWarning: Estimator fit failed. The score on this train-test partition for these parameters will be set to nan. Details: 
TypeError: 'numpy.float64' object cannot be interpreted as an integer

  FitFailedWarning)
/usr/local/pace-apps/manual/packages/anaconda3/2020.02/lib/python3.7/site-packages/sklearn/model_selection/_validation.py:536: FitFailedWarning: Estimator fit failed. The score on this train-test partition for these parameters will be set to nan. Details: 
TypeError: 'numpy.float64' object cannot be interpreted as an integer

  FitFailedWarning)
/usr/local/pace-apps/manual/packages/anaconda3/2020.02/lib/python3.7/site-packages/sklearn/model_selection/_validation.py:536: FitFailedWarning: Estimator fit failed. The score on this train-test partition for these parameters will be set to nan. Details: 
TypeError: 'numpy.float64' object cannot be interpreted as an integer

  FitFailedWarning)
/usr/local/pace-apps/manual/packages/anaconda3/2020.02/lib/python3.7/site-packages/sklearn/model_selection/_validation.py:536: FitFailedWarning: Estimator fit failed. The score on this train-test partition for these parameters will be set to nan. Details: 
TypeError: 'numpy.float64' object cannot be interpreted as an integer

  FitFailedWarning)
/usr/local/pace-apps/manual/packages/anaconda3/2020.02/lib/python3.7/site-packages/sklearn/model_selection/_validation.py:536: FitFailedWarning: Estimator fit failed. The score on this train-test partition for these parameters will be set to nan. Details: 
TypeError: 'numpy.float64' object cannot be interpreted as an integer

  FitFailedWarning)
/usr/local/pace-apps/manual/packages/anaconda3/2020.02/lib/python3.7/site-packages/sklearn/model_selection/_validation.py:536: FitFailedWarning: Estimator fit failed. The score on this train-test partition for these parameters will be set to nan. Details: 
TypeError: 'numpy.float64' object cannot be interpreted as an integer

  FitFailedWarning)
/usr/local/pace-apps/manual/packages/anaconda3/2020.02/lib/python3.7/site-packages/sklearn/model_selection/_validation.py:536: FitFailedWarning: Estimator fit failed. The score on this train-test partition for these parameters will be set to nan. Details: 
TypeError: 'numpy.float64' object cannot be interpreted as an integer

  FitFailedWarning)
/usr/local/pace-apps/manual/packages/anaconda3/2020.02/lib/python3.7/site-packages/sklearn/model_selection/_validation.py:536: FitFailedWarning: Estimator fit failed. The score on this train-test partition for these parameters will be set to nan. Details: 
TypeError: 'numpy.float64' object cannot be interpreted as an integer

  FitFailedWarning)
/usr/local/pace-apps/manual/packages/anaconda3/2020.02/lib/python3.7/site-packages/sklearn/model_selection/_validation.py:536: FitFailedWarning: Estimator fit failed. The score on this train-test partition for these parameters will be set to nan. Details: 
TypeError: 'numpy.float64' object cannot be interpreted as an integer

  FitFailedWarning)
/usr/local/pace-apps/manual/packages/anaconda3/2020.02/lib/python3.7/site-packages/sklearn/model_selection/_validation.py:536: FitFailedWarning: Estimator fit failed. The score on this train-test partition for these parameters will be set to nan. Details: 
TypeError: 'numpy.float64' object cannot be interpreted as an integer

  FitFailedWarning)
/usr/local/pace-apps/manual/packages/anaconda3/2020.02/lib/python3.7/site-packages/sklearn/model_selection/_validation.py:536: FitFailedWarning: Estimator fit failed. The score on this train-test partition for these parameters will be set to nan. Details: 
TypeError: 'numpy.float64' object cannot be interpreted as an integer

  FitFailedWarning)
/usr/local/pace-apps/manual/packages/anaconda3/2020.02/lib/python3.7/site-packages/sklearn/model_selection/_validation.py:536: FitFailedWarning: Estimator fit failed. The score on this train-test partition for these parameters will be set to nan. Details: 
TypeError: 'numpy.float64' object cannot be interpreted as an integer

  FitFailedWarning)
/usr/local/pace-apps/manual/packages/anaconda3/2020.02/lib/python3.7/site-packages/sklearn/model_selection/_validation.py:536: FitFailedWarning: Estimator fit failed. The score on this train-test partition for these parameters will be set to nan. Details: 
TypeError: 'numpy.float64' object cannot be interpreted as an integer

  FitFailedWarning)
/usr/local/pace-apps/manual/packages/anaconda3/2020.02/lib/python3.7/site-packages/sklearn/model_selection/_validation.py:536: FitFailedWarning: Estimator fit failed. The score on this train-test partition for these parameters will be set to nan. Details: 
TypeError: 'numpy.float64' object cannot be interpreted as an integer

  FitFailedWarning)
/usr/local/pace-apps/manual/packages/anaconda3/2020.02/lib/python3.7/site-packages/sklearn/model_selection/_validation.py:536: FitFailedWarning: Estimator fit failed. The score on this train-test partition for these parameters will be set to nan. Details: 
TypeError: 'numpy.float64' object cannot be interpreted as an integer

  FitFailedWarning)
/usr/local/pace-apps/manual/packages/anaconda3/2020.02/lib/python3.7/site-packages/sklearn/model_selection/_validation.py:536: FitFailedWarning: Estimator fit failed. The score on this train-test partition for these parameters will be set to nan. Details: 
TypeError: 'numpy.float64' object cannot be interpreted as an integer

  FitFailedWarning)
/usr/local/pace-apps/manual/packages/anaconda3/2020.02/lib/python3.7/site-packages/sklearn/model_selection/_validation.py:536: FitFailedWarning: Estimator fit failed. The score on this train-test partition for these parameters will be set to nan. Details: 
TypeError: 'numpy.float64' object cannot be interpreted as an integer

  FitFailedWarning)
/usr/local/pace-apps/manual/packages/anaconda3/2020.02/lib/python3.7/site-packages/sklearn/model_selection/_validation.py:536: FitFailedWarning: Estimator fit failed. The score on this train-test partition for these parameters will be set to nan. Details: 
TypeError: 'numpy.float64' object cannot be interpreted as an integer

  FitFailedWarning)
/usr/local/pace-apps/manual/packages/anaconda3/2020.02/lib/python3.7/site-packages/sklearn/model_selection/_validation.py:536: FitFailedWarning: Estimator fit failed. The score on this train-test partition for these parameters will be set to nan. Details: 
TypeError: 'numpy.float64' object cannot be interpreted as an integer

  FitFailedWarning)
/usr/local/pace-apps/manual/packages/anaconda3/2020.02/lib/python3.7/site-packages/sklearn/model_selection/_validation.py:536: FitFailedWarning: Estimator fit failed. The score on this train-test partition for these parameters will be set to nan. Details: 
TypeError: 'numpy.float64' object cannot be interpreted as an integer

  FitFailedWarning)
/usr/local/pace-apps/manual/packages/anaconda3/2020.02/lib/python3.7/site-packages/sklearn/model_selection/_validation.py:536: FitFailedWarning: Estimator fit failed. The score on this train-test partition for these parameters will be set to nan. Details: 
TypeError: 'numpy.float64' object cannot be interpreted as an integer

  FitFailedWarning)
/usr/local/pace-apps/manual/packages/anaconda3/2020.02/lib/python3.7/site-packages/sklearn/model_selection/_validation.py:536: FitFailedWarning: Estimator fit failed. The score on this train-test partition for these parameters will be set to nan. Details: 
TypeError: 'numpy.float64' object cannot be interpreted as an integer

  FitFailedWarning)
/usr/local/pace-apps/manual/packages/anaconda3/2020.02/lib/python3.7/site-packages/sklearn/model_selection/_validation.py:536: FitFailedWarning: Estimator fit failed. The score on this train-test partition for these parameters will be set to nan. Details: 
TypeError: 'numpy.float64' object cannot be interpreted as an integer

  FitFailedWarning)
/usr/local/pace-apps/manual/packages/anaconda3/2020.02/lib/python3.7/site-packages/sklearn/model_selection/_validation.py:536: FitFailedWarning: Estimator fit failed. The score on this train-test partition for these parameters will be set to nan. Details: 
TypeError: 'numpy.float64' object cannot be interpreted as an integer

  FitFailedWarning)
/usr/local/pace-apps/manual/packages/anaconda3/2020.02/lib/python3.7/site-packages/sklearn/model_selection/_validation.py:536: FitFailedWarning: Estimator fit failed. The score on this train-test partition for these parameters will be set to nan. Details: 
TypeError: 'numpy.float64' object cannot be interpreted as an integer

  FitFailedWarning)
/usr/local/pace-apps/manual/packages/anaconda3/2020.02/lib/python3.7/site-packages/sklearn/model_selection/_validation.py:536: FitFailedWarning: Estimator fit failed. The score on this train-test partition for these parameters will be set to nan. Details: 
TypeError: 'numpy.float64' object cannot be interpreted as an integer

  FitFailedWarning)
/usr/local/pace-apps/manual/packages/anaconda3/2020.02/lib/python3.7/site-packages/sklearn/model_selection/_validation.py:536: FitFailedWarning: Estimator fit failed. The score on this train-test partition for these parameters will be set to nan. Details: 
TypeError: 'numpy.float64' object cannot be interpreted as an integer

  FitFailedWarning)
/usr/local/pace-apps/manual/packages/anaconda3/2020.02/lib/python3.7/site-packages/sklearn/model_selection/_validation.py:536: FitFailedWarning: Estimator fit failed. The score on this train-test partition for these parameters will be set to nan. Details: 
TypeError: 'numpy.float64' object cannot be interpreted as an integer

  FitFailedWarning)
/usr/local/pace-apps/manual/packages/anaconda3/2020.02/lib/python3.7/site-packages/sklearn/model_selection/_validation.py:536: FitFailedWarning: Estimator fit failed. The score on this train-test partition for these parameters will be set to nan. Details: 
TypeError: 'numpy.float64' object cannot be interpreted as an integer

  FitFailedWarning)
/usr/local/pace-apps/manual/packages/anaconda3/2020.02/lib/python3.7/site-packages/sklearn/model_selection/_validation.py:536: FitFailedWarning: Estimator fit failed. The score on this train-test partition for these parameters will be set to nan. Details: 
TypeError: 'numpy.float64' object cannot be interpreted as an integer

  FitFailedWarning)
/usr/local/pace-apps/manual/packages/anaconda3/2020.02/lib/python3.7/site-packages/sklearn/model_selection/_validation.py:536: FitFailedWarning: Estimator fit failed. The score on this train-test partition for these parameters will be set to nan. Details: 
TypeError: 'numpy.float64' object cannot be interpreted as an integer

  FitFailedWarning)
/usr/local/pace-apps/manual/packages/anaconda3/2020.02/lib/python3.7/site-packages/sklearn/model_selection/_validation.py:536: FitFailedWarning: Estimator fit failed. The score on this train-test partition for these parameters will be set to nan. Details: 
TypeError: 'numpy.float64' object cannot be interpreted as an integer

  FitFailedWarning)
/usr/local/pace-apps/manual/packages/anaconda3/2020.02/lib/python3.7/site-packages/sklearn/model_selection/_validation.py:536: FitFailedWarning: Estimator fit failed. The score on this train-test partition for these parameters will be set to nan. Details: 
TypeError: 'numpy.float64' object cannot be interpreted as an integer

  FitFailedWarning)
/usr/local/pace-apps/manual/packages/anaconda3/2020.02/lib/python3.7/site-packages/sklearn/model_selection/_validation.py:536: FitFailedWarning: Estimator fit failed. The score on this train-test partition for these parameters will be set to nan. Details: 
TypeError: 'numpy.float64' object cannot be interpreted as an integer

  FitFailedWarning)
/usr/local/pace-apps/manual/packages/anaconda3/2020.02/lib/python3.7/site-packages/sklearn/model_selection/_validation.py:536: FitFailedWarning: Estimator fit failed. The score on this train-test partition for these parameters will be set to nan. Details: 
TypeError: 'numpy.float64' object cannot be interpreted as an integer

  FitFailedWarning)
/usr/local/pace-apps/manual/packages/anaconda3/2020.02/lib/python3.7/site-packages/sklearn/model_selection/_validation.py:536: FitFailedWarning: Estimator fit failed. The score on this train-test partition for these parameters will be set to nan. Details: 
TypeError: 'numpy.float64' object cannot be interpreted as an integer

  FitFailedWarning)
/usr/local/pace-apps/manual/packages/anaconda3/2020.02/lib/python3.7/site-packages/sklearn/model_selection/_validation.py:536: FitFailedWarning: Estimator fit failed. The score on this train-test partition for these parameters will be set to nan. Details: 
TypeError: 'numpy.float64' object cannot be interpreted as an integer

  FitFailedWarning)
/usr/local/pace-apps/manual/packages/anaconda3/2020.02/lib/python3.7/site-packages/sklearn/model_selection/_validation.py:536: FitFailedWarning: Estimator fit failed. The score on this train-test partition for these parameters will be set to nan. Details: 
TypeError: 'numpy.float64' object cannot be interpreted as an integer

  FitFailedWarning)
/usr/local/pace-apps/manual/packages/anaconda3/2020.02/lib/python3.7/site-packages/sklearn/model_selection/_validation.py:536: FitFailedWarning: Estimator fit failed. The score on this train-test partition for these parameters will be set to nan. Details: 
TypeError: 'numpy.float64' object cannot be interpreted as an integer

  FitFailedWarning)
/usr/local/pace-apps/manual/packages/anaconda3/2020.02/lib/python3.7/site-packages/sklearn/model_selection/_validation.py:536: FitFailedWarning: Estimator fit failed. The score on this train-test partition for these parameters will be set to nan. Details: 
TypeError: 'numpy.float64' object cannot be interpreted as an integer

  FitFailedWarning)
/usr/local/pace-apps/manual/packages/anaconda3/2020.02/lib/python3.7/site-packages/sklearn/model_selection/_validation.py:536: FitFailedWarning: Estimator fit failed. The score on this train-test partition for these parameters will be set to nan. Details: 
TypeError: 'numpy.float64' object cannot be interpreted as an integer

  FitFailedWarning)
/usr/local/pace-apps/manual/packages/anaconda3/2020.02/lib/python3.7/site-packages/sklearn/model_selection/_validation.py:536: FitFailedWarning: Estimator fit failed. The score on this train-test partition for these parameters will be set to nan. Details: 
TypeError: 'numpy.float64' object cannot be interpreted as an integer

  FitFailedWarning)
/usr/local/pace-apps/manual/packages/anaconda3/2020.02/lib/python3.7/site-packages/sklearn/model_selection/_validation.py:536: FitFailedWarning: Estimator fit failed. The score on this train-test partition for these parameters will be set to nan. Details: 
TypeError: 'numpy.float64' object cannot be interpreted as an integer

  FitFailedWarning)
/usr/local/pace-apps/manual/packages/anaconda3/2020.02/lib/python3.7/site-packages/sklearn/model_selection/_validation.py:536: FitFailedWarning: Estimator fit failed. The score on this train-test partition for these parameters will be set to nan. Details: 
TypeError: 'numpy.float64' object cannot be interpreted as an integer

  FitFailedWarning)
/usr/local/pace-apps/manual/packages/anaconda3/2020.02/lib/python3.7/site-packages/sklearn/model_selection/_validation.py:536: FitFailedWarning: Estimator fit failed. The score on this train-test partition for these parameters will be set to nan. Details: 
TypeError: 'numpy.float64' object cannot be interpreted as an integer

  FitFailedWarning)
/usr/local/pace-apps/manual/packages/anaconda3/2020.02/lib/python3.7/site-packages/sklearn/model_selection/_validation.py:536: FitFailedWarning: Estimator fit failed. The score on this train-test partition for these parameters will be set to nan. Details: 
TypeError: 'numpy.float64' object cannot be interpreted as an integer

  FitFailedWarning)
/usr/local/pace-apps/manual/packages/anaconda3/2020.02/lib/python3.7/site-packages/sklearn/model_selection/_validation.py:536: FitFailedWarning: Estimator fit failed. The score on this train-test partition for these parameters will be set to nan. Details: 
TypeError: 'numpy.float64' object cannot be interpreted as an integer

  FitFailedWarning)
/usr/local/pace-apps/manual/packages/anaconda3/2020.02/lib/python3.7/site-packages/sklearn/model_selection/_validation.py:536: FitFailedWarning: Estimator fit failed. The score on this train-test partition for these parameters will be set to nan. Details: 
TypeError: 'numpy.float64' object cannot be interpreted as an integer

  FitFailedWarning)
/usr/local/pace-apps/manual/packages/anaconda3/2020.02/lib/python3.7/site-packages/sklearn/model_selection/_validation.py:536: FitFailedWarning: Estimator fit failed. The score on this train-test partition for these parameters will be set to nan. Details: 
TypeError: 'numpy.float64' object cannot be interpreted as an integer

  FitFailedWarning)
/usr/local/pace-apps/manual/packages/anaconda3/2020.02/lib/python3.7/site-packages/sklearn/model_selection/_validation.py:536: FitFailedWarning: Estimator fit failed. The score on this train-test partition for these parameters will be set to nan. Details: 
TypeError: 'numpy.float64' object cannot be interpreted as an integer

  FitFailedWarning)
/usr/local/pace-apps/manual/packages/anaconda3/2020.02/lib/python3.7/site-packages/sklearn/model_selection/_validation.py:536: FitFailedWarning: Estimator fit failed. The score on this train-test partition for these parameters will be set to nan. Details: 
TypeError: 'numpy.float64' object cannot be interpreted as an integer

  FitFailedWarning)
/usr/local/pace-apps/manual/packages/anaconda3/2020.02/lib/python3.7/site-packages/sklearn/model_selection/_validation.py:536: FitFailedWarning: Estimator fit failed. The score on this train-test partition for these parameters will be set to nan. Details: 
TypeError: 'numpy.float64' object cannot be interpreted as an integer

  FitFailedWarning)
/usr/local/pace-apps/manual/packages/anaconda3/2020.02/lib/python3.7/site-packages/sklearn/model_selection/_validation.py:536: FitFailedWarning: Estimator fit failed. The score on this train-test partition for these parameters will be set to nan. Details: 
TypeError: 'numpy.float64' object cannot be interpreted as an integer

  FitFailedWarning)
/usr/local/pace-apps/manual/packages/anaconda3/2020.02/lib/python3.7/site-packages/sklearn/model_selection/_validation.py:536: FitFailedWarning: Estimator fit failed. The score on this train-test partition for these parameters will be set to nan. Details: 
TypeError: 'numpy.float64' object cannot be interpreted as an integer

  FitFailedWarning)
/usr/local/pace-apps/manual/packages/anaconda3/2020.02/lib/python3.7/site-packages/sklearn/model_selection/_validation.py:536: FitFailedWarning: Estimator fit failed. The score on this train-test partition for these parameters will be set to nan. Details: 
TypeError: 'numpy.float64' object cannot be interpreted as an integer

  FitFailedWarning)
/usr/local/pace-apps/manual/packages/anaconda3/2020.02/lib/python3.7/site-packages/sklearn/model_selection/_validation.py:536: FitFailedWarning: Estimator fit failed. The score on this train-test partition for these parameters will be set to nan. Details: 
TypeError: 'numpy.float64' object cannot be interpreted as an integer

  FitFailedWarning)
/usr/local/pace-apps/manual/packages/anaconda3/2020.02/lib/python3.7/site-packages/sklearn/model_selection/_validation.py:536: FitFailedWarning: Estimator fit failed. The score on this train-test partition for these parameters will be set to nan. Details: 
TypeError: 'numpy.float64' object cannot be interpreted as an integer

  FitFailedWarning)
/usr/local/pace-apps/manual/packages/anaconda3/2020.02/lib/python3.7/site-packages/sklearn/model_selection/_validation.py:536: FitFailedWarning: Estimator fit failed. The score on this train-test partition for these parameters will be set to nan. Details: 
TypeError: 'numpy.float64' object cannot be interpreted as an integer

  FitFailedWarning)
/usr/local/pace-apps/manual/packages/anaconda3/2020.02/lib/python3.7/site-packages/sklearn/model_selection/_validation.py:536: FitFailedWarning: Estimator fit failed. The score on this train-test partition for these parameters will be set to nan. Details: 
TypeError: 'numpy.float64' object cannot be interpreted as an integer

  FitFailedWarning)
/usr/local/pace-apps/manual/packages/anaconda3/2020.02/lib/python3.7/site-packages/sklearn/model_selection/_validation.py:536: FitFailedWarning: Estimator fit failed. The score on this train-test partition for these parameters will be set to nan. Details: 
TypeError: 'numpy.float64' object cannot be interpreted as an integer

  FitFailedWarning)
/usr/local/pace-apps/manual/packages/anaconda3/2020.02/lib/python3.7/site-packages/sklearn/model_selection/_validation.py:536: FitFailedWarning: Estimator fit failed. The score on this train-test partition for these parameters will be set to nan. Details: 
TypeError: 'numpy.float64' object cannot be interpreted as an integer

  FitFailedWarning)
/usr/local/pace-apps/manual/packages/anaconda3/2020.02/lib/python3.7/site-packages/sklearn/model_selection/_validation.py:536: FitFailedWarning: Estimator fit failed. The score on this train-test partition for these parameters will be set to nan. Details: 
TypeError: 'numpy.float64' object cannot be interpreted as an integer

  FitFailedWarning)
Traceback (most recent call last):
  File "pipeline.py", line 161, in <module>
    best_model = train_model(train[all_des], test[all_des], k_train, k_test)
  File "pipeline.py", line 104, in train_model
    gcv.fit(X_train_shuffle, y_train_shuffle)
  File "/usr/local/pace-apps/manual/packages/anaconda3/2020.02/lib/python3.7/site-packages/sklearn/model_selection/_search.py", line 739, in fit
    self.best_estimator_.fit(X, y, **fit_params)
  File "/usr/local/pace-apps/manual/packages/anaconda3/2020.02/lib/python3.7/site-packages/sklearn/ensemble/_gb.py", line 1482, in fit
    self._init_state()
  File "/usr/local/pace-apps/manual/packages/anaconda3/2020.02/lib/python3.7/site-packages/sklearn/ensemble/_gb.py", line 1352, in _init_state
    dtype=np.object)
TypeError: 'numpy.float64' object cannot be interpreted as an integer
---------------------------------------
Begin PBS Epilogue Wed Feb 10 23:53:56 EST 2021
Job ID:     6536255.sched-hive.pace.gatech.edu
User ID:    schoi420
Job name:   train-model
Resources:  nodes=1:ppn=8,walltime=12:00:00,mem=32gb,neednodes=1:ppn=8
Rsrc Used:  cput=00:00:35,vmem=0kb,walltime=00:00:10,mem=24148kb,energy_used=0
Queue:      hive
Nodes:     
atl1-1-01-013-31-l.pace.gatech.edu
End PBS Epilogue Wed Feb 10 23:53:56 EST 2021
---------------------------------------
---------------------------------------
Begin PBS Prologue Wed Feb 10 23:58:00 EST 2021
Job ID:     6536256.sched-hive.pace.gatech.edu
User ID:    schoi420
Job name:   train-model
Queue:      hive
End PBS Prologue Wed Feb 10 23:58:00 EST 2021
---------------------------------------
Training on K prediction

Fitting 3 folds for each of 135 candidates, totalling 405 fits
[Parallel(n_jobs=-1)]: Using backend LokyBackend with 8 concurrent workers.
[Parallel(n_jobs=-1)]: Done  34 tasks      | elapsed: 133.6min
=>> PBS: job killed: walltime 43221 exceeded limit 43200
/usr/local/pace-apps/manual/packages/anaconda3/2020.02/lib/python3.7/site-packages/joblib/externals/loky/backend/resource_tracker.py:266: UserWarning: resource_tracker: There appear to be 14 leaked semlock objects to clean up at shutdown
  (len(rtype_cache), rtype))
---------------------------------------
Begin PBS Epilogue Thu Feb 11 11:58:31 EST 2021
Job ID:     6536256.sched-hive.pace.gatech.edu
User ID:    schoi420
Job name:   train-model
Resources:  nodes=1:ppn=8,walltime=12:00:00,mem=32gb,neednodes=1:ppn=8
Rsrc Used:  cput=95:48:24,vmem=6381336kb,walltime=12:00:31,mem=1882700kb,energy_used=0
Queue:      hive
Nodes:     
atl1-1-01-013-31-l.pace.gatech.edu
End PBS Epilogue Thu Feb 11 11:58:31 EST 2021
---------------------------------------
---------------------------------------
Begin PBS Prologue Thu Feb 11 12:15:12 EST 2021
Job ID:     6537770.sched-hive.pace.gatech.edu
User ID:    schoi420
Job name:   train-model
Queue:      hive
End PBS Prologue Thu Feb 11 12:15:12 EST 2021
---------------------------------------
Training on K prediction

Fitting 3 folds for each of 30 candidates, totalling 90 fits
[Parallel(n_jobs=-1)]: Using backend LokyBackend with 8 concurrent workers.
Optimal hyperparameters: {'learning_rate': 0.03162277660168379, 'max_depth': 3, 'n_estimators': 50000}
r2 of K prediction for the training set: 0.9798052980430346
r2 of K prediction for the test set: 0.781138668559773
r2 of K prediction for the validation set: 0.8230065967529743

Training on H prediction

Fitting 3 folds for each of 30 candidates, totalling 90 fits
[Parallel(n_jobs=-1)]: Done  34 tasks      | elapsed: 95.4min
[Parallel(n_jobs=-1)]: Done  90 out of  90 | elapsed: 280.6min finished
[Parallel(n_jobs=-1)]: Using backend LokyBackend with 8 concurrent workers.
[Parallel(n_jobs=-1)]: Done  34 tasks      | elapsed: 99.1min
[Parallel(n_jobs=-1)]: Done  90 out of  90 | elapsed: 289.4min finished
Optimal hyperparameters: {'learning_rate': 0.1, 'max_depth': 3, 'n_estimators': 5000}
r2 of H prediction for the training set: 0.9413998458234224
r2 of H prediction for the test set: 0.8548120303741513
r2 of H prediction for the validation set: 0.8131798359247872

Training Set
MAE: 1.7873910403244058
Max: 252.40616728539658

Test Set
MAE: 3.779374907497398
Max: 233.82286366292126

Validation Set
MAE: 5.696491572125185
Max: 258.2876330068867

---------------------------------------
Begin PBS Epilogue Thu Feb 11 23:36:36 EST 2021
Job ID:     6537770.sched-hive.pace.gatech.edu
User ID:    schoi420
Job name:   train-model
Resources:  nodes=1:ppn=8,walltime=12:00:00,mem=32gb,neednodes=1:ppn=8
Rsrc Used:  cput=74:31:55,vmem=6440996kb,walltime=11:21:24,mem=1400812kb,energy_used=0
Queue:      hive
Nodes:     
atl1-1-01-016-9-r.pace.gatech.edu
End PBS Epilogue Thu Feb 11 23:36:36 EST 2021
---------------------------------------
---------------------------------------
Begin PBS Prologue Fri Feb 12 11:27:21 EST 2021
Job ID:     6538178.sched-hive.pace.gatech.edu
User ID:    schoi420
Job name:   train-model
Queue:      hive
End PBS Prologue Fri Feb 12 11:27:21 EST 2021
---------------------------------------
Training on K prediction

Fitting 3 folds for each of 12 candidates, totalling 36 fits
[Parallel(n_jobs=-1)]: Using backend LokyBackend with 8 concurrent workers.
Optimal hyperparameters: {'learning_rate': 0.1, 'max_depth': 3, 'n_estimators': 5000}
r2 of K prediction for the training set: 0.9389837801078873
r2 of K prediction for the test set: 0.843451644157256
r2 of K prediction for the validation set: 0.8311163326848199

Training on H prediction

Fitting 3 folds for each of 12 candidates, totalling 36 fits
[Parallel(n_jobs=-1)]: Done  36 out of  36 | elapsed: 47.8min finished
[Parallel(n_jobs=-1)]: Using backend LokyBackend with 8 concurrent workers.
[Parallel(n_jobs=-1)]: Done  36 out of  36 | elapsed: 47.9min finished
Optimal hyperparameters: {'learning_rate': 0.1, 'max_depth': 3, 'n_estimators': 10000}
r2 of H prediction for the training set: 0.9693076782061669
r2 of H prediction for the test set: 0.8530321274475304
r2 of H prediction for the validation set: 0.8122105868883515

Training Set
MAE: 1.1438849440602932
Max: 167.96083453888528

Test Set
MAE: 3.6949323139578287
Max: 229.72952607557744

Validation Set
MAE: 5.707612307742912
Max: 229.50717812954574

---------------------------------------
Begin PBS Epilogue Fri Feb 12 13:33:11 EST 2021
Job ID:     6538178.sched-hive.pace.gatech.edu
User ID:    schoi420
Job name:   train-model
Resources:  nodes=1:ppn=8,walltime=12:00:00,mem=32gb,neednodes=1:ppn=8
Rsrc Used:  cput=11:14:50,vmem=6033196kb,walltime=02:05:50,mem=991972kb,energy_used=0
Queue:      hive
Nodes:     
atl1-1-01-016-37-r.pace.gatech.edu
End PBS Epilogue Fri Feb 12 13:33:11 EST 2021
---------------------------------------
---------------------------------------
Begin PBS Prologue Tue Feb 16 21:17:38 EST 2021
Job ID:     6544808.sched-hive.pace.gatech.edu
User ID:    schoi420
Job name:   train-model
Queue:      hive
End PBS Prologue Tue Feb 16 21:17:38 EST 2021
---------------------------------------
Training on K prediction

Fitting 3 folds for each of 2 candidates, totalling 6 fits
[Parallel(n_jobs=-1)]: Using backend LokyBackend with 8 concurrent workers.
Optimal hyperparameters: {'n_estimators': 10000}
r2 of K prediction for the training set: 0.9964003708866247
r2 of K prediction for the test set: 0.8357363407079688
r2 of K prediction for the validation set: 0.8329109087573193

Training on H prediction

Fitting 3 folds for each of 2 candidates, totalling 6 fits
[Parallel(n_jobs=-1)]: Done   6 out of   6 | elapsed: 14.4min finished
[Parallel(n_jobs=-1)]: Using backend LokyBackend with 8 concurrent workers.
[Parallel(n_jobs=-1)]: Done   6 out of   6 | elapsed: 14.3min finished
Optimal hyperparameters: {'n_estimators': 10000}
r2 of H prediction for the training set: 0.9951022328762164
r2 of H prediction for the test set: 0.8309977720433323
r2 of H prediction for the validation set: 0.8266996371737687

Training Set
MAE: 1.017590281618932
Max: 14.193964972656618

Test Set
MAE: 3.9290054904040566
Max: 213.9210853994916

Validation Set
MAE: 5.57905334011505
Max: 211.6878948970354

---------------------------------------
Begin PBS Epilogue Tue Feb 16 22:26:26 EST 2021
Job ID:     6544808.sched-hive.pace.gatech.edu
User ID:    schoi420
Job name:   train-model
Resources:  nodes=1:ppn=8,walltime=12:00:00,mem=32gb,neednodes=1:ppn=8
Rsrc Used:  cput=02:48:21,vmem=5715860kb,walltime=01:08:48,mem=791672kb,energy_used=0
Queue:      hive
Nodes:     
atl1-1-01-013-27-r.pace.gatech.edu
End PBS Epilogue Tue Feb 16 22:26:26 EST 2021
---------------------------------------
---------------------------------------
Begin PBS Prologue Tue Feb 16 23:50:05 EST 2021
Job ID:     6544863.sched-hive.pace.gatech.edu
User ID:    schoi420
Job name:   train-model
Queue:      hive
End PBS Prologue Tue Feb 16 23:50:05 EST 2021
---------------------------------------
Training on K prediction

Fitting 3 folds for each of 1 candidates, totalling 3 fits
[Parallel(n_jobs=-1)]: Using backend LokyBackend with 8 concurrent workers.
Optimal hyperparameters: {'n_estimators': 5000}
r2 of K prediction for the training set: 0.9895273338404778
r2 of K prediction for the test set: 0.8328787838300441
r2 of K prediction for the validation set: 0.8302211096315588

Training on H prediction

Fitting 3 folds for each of 1 candidates, totalling 3 fits
[Parallel(n_jobs=-1)]: Done   3 out of   3 | elapsed:  7.2min finished
[Parallel(n_jobs=-1)]: Using backend LokyBackend with 8 concurrent workers.
[Parallel(n_jobs=-1)]: Done   3 out of   3 | elapsed:  7.2min finished
Optimal hyperparameters: {'n_estimators': 5000}
r2 of H prediction for the training set: 0.9867061519000332
r2 of H prediction for the test set: 0.8280056441006547
r2 of H prediction for the validation set: 0.8255084005987846

Training Set
MAE: 1.6927095566214478
Max: 22.69781975350023

Test Set
MAE: 4.05985955596983
Max: 216.8679976330847

Validation Set
MAE: 5.663812015433573
Max: 213.46735945965995

Traceback (most recent call last):
  File "pipeline.py", line 223, in <module>
    parity_plot(selectivity.simulation, selectivity.ML, title = '{} - {}'.format(mol1, mol2), dirname = 'figures/train/300', compare = 'selectivity')
AttributeError: 'NoneType' object has no attribute 'simulation'
---------------------------------------
Begin PBS Epilogue Wed Feb 17 00:24:25 EST 2021
Job ID:     6544863.sched-hive.pace.gatech.edu
User ID:    schoi420
Job name:   train-model
Resources:  nodes=1:ppn=8,walltime=12:00:00,mem=32gb,neednodes=1:ppn=8
Rsrc Used:  cput=01:02:37,vmem=5340048kb,walltime=00:34:20,mem=591096kb,energy_used=0
Queue:      hive
Nodes:     
atl1-1-01-013-27-r.pace.gatech.edu
End PBS Epilogue Wed Feb 17 00:24:25 EST 2021
---------------------------------------
---------------------------------------
Begin PBS Prologue Wed Feb 17 00:32:12 EST 2021
Job ID:     6544871.sched-hive.pace.gatech.edu
User ID:    schoi420
Job name:   train-model
Queue:      hive
End PBS Prologue Wed Feb 17 00:32:12 EST 2021
---------------------------------------
Training on K prediction

Traceback (most recent call last):
  File "pipeline.py", line 165, in <module>
    best_model = train_model(train[all_des], test[all_des], k_train, k_test)
  File "pipeline.py", line 112, in train_model
    print('r2 of {} prediction for the training set: {}'.format(compare, best_model.score(X_train, y_train)))
  File "/usr/local/pace-apps/manual/packages/anaconda3/2020.02/lib/python3.7/site-packages/sklearn/base.py", line 422, in score
    y_pred = self.predict(X)
  File "/usr/local/pace-apps/manual/packages/anaconda3/2020.02/lib/python3.7/site-packages/sklearn/ensemble/_gb.py", line 2569, in predict
    return self._raw_predict(X).ravel()
  File "/usr/local/pace-apps/manual/packages/anaconda3/2020.02/lib/python3.7/site-packages/sklearn/ensemble/_gb.py", line 1655, in _raw_predict
    raw_predictions = self._raw_predict_init(X)
  File "/usr/local/pace-apps/manual/packages/anaconda3/2020.02/lib/python3.7/site-packages/sklearn/ensemble/_gb.py", line 1640, in _raw_predict_init
    self._check_initialized()
  File "/usr/local/pace-apps/manual/packages/anaconda3/2020.02/lib/python3.7/site-packages/sklearn/ensemble/_gb.py", line 1397, in _check_initialized
    check_is_fitted(self)
  File "/usr/local/pace-apps/manual/packages/anaconda3/2020.02/lib/python3.7/site-packages/sklearn/utils/validation.py", line 967, in check_is_fitted
    raise NotFittedError(msg % {'name': type(estimator).__name__})
sklearn.exceptions.NotFittedError: This GradientBoostingRegressor instance is not fitted yet. Call 'fit' with appropriate arguments before using this estimator.
---------------------------------------
Begin PBS Epilogue Wed Feb 17 00:32:17 EST 2021
Job ID:     6544871.sched-hive.pace.gatech.edu
User ID:    schoi420
Job name:   train-model
Resources:  nodes=1:ppn=8,walltime=12:00:00,mem=32gb,neednodes=1:ppn=8
Rsrc Used:  cput=00:00:04,vmem=833596kb,walltime=00:00:05,mem=105548kb,energy_used=0
Queue:      hive
Nodes:     
atl1-1-01-015-21-r.pace.gatech.edu
End PBS Epilogue Wed Feb 17 00:32:17 EST 2021
---------------------------------------
---------------------------------------
Begin PBS Prologue Wed Feb 17 00:35:20 EST 2021
Job ID:     6544878.sched-hive.pace.gatech.edu
User ID:    schoi420
Job name:   train-model
Queue:      hive
End PBS Prologue Wed Feb 17 00:35:20 EST 2021
---------------------------------------
Training on K prediction

r2 of K prediction for the training set: 0.9895273338404778
r2 of K prediction for the test set: 0.8291792231794772
r2 of K prediction for the validation set: 0.8290973256908611

Training on H prediction

r2 of H prediction for the training set: 0.9867061519000332
r2 of H prediction for the test set: 0.8276972128860025
r2 of H prediction for the validation set: 0.8198569460780731

Training Set
MAE: 1.6927095566214483
Max: 22.69781975350023

Test Set
MAE: 4.066935094984212
Max: 216.8679976330847

Validation Set
MAE: 5.815671526418086
Max: 213.2835266892135

Traceback (most recent call last):
  File "pipeline.py", line 251, in <module>
    for pair in azeo_pairs:
NameError: name 'azeo_pairs' is not defined
---------------------------------------
Begin PBS Epilogue Wed Feb 17 00:54:54 EST 2021
Job ID:     6544878.sched-hive.pace.gatech.edu
User ID:    schoi420
Job name:   train-model
Resources:  nodes=1:ppn=8,walltime=12:00:00,mem=32gb,neednodes=1:ppn=8
Rsrc Used:  cput=00:19:31,vmem=1443120kb,walltime=00:19:34,mem=175948kb,energy_used=0
Queue:      hive
Nodes:     
atl1-1-01-015-21-r.pace.gatech.edu
End PBS Epilogue Wed Feb 17 00:54:54 EST 2021
---------------------------------------
---------------------------------------
Begin PBS Prologue Wed Feb 17 01:01:54 EST 2021
Job ID:     6544882.sched-hive.pace.gatech.edu
User ID:    schoi420
Job name:   train-model
Queue:      hive
End PBS Prologue Wed Feb 17 01:01:54 EST 2021
---------------------------------------
Training on K prediction

Fitting 3 folds for each of 3 candidates, totalling 9 fits
[Parallel(n_jobs=-1)]: Using backend LokyBackend with 8 concurrent workers.
Optimal hyperparameters: {'loss': 'ls', 'n_estimators': 5000}
r2 of K prediction for the training set: 0.9895273338404778
r2 of K prediction for the test set: 0.8298178707804894
r2 of K prediction for the validation set: 0.8325179744295054

Training on H prediction

Fitting 3 folds for each of 3 candidates, totalling 9 fits
[Parallel(n_jobs=-1)]: Done   4 out of   9 | elapsed:  7.1min remaining:  8.9min
[Parallel(n_jobs=-1)]: Done   9 out of   9 | elapsed: 14.1min finished
[Parallel(n_jobs=-1)]: Using backend LokyBackend with 8 concurrent workers.
[Parallel(n_jobs=-1)]: Done   4 out of   9 | elapsed:  7.1min remaining:  8.9min
[Parallel(n_jobs=-1)]: Done   9 out of   9 | elapsed: 14.1min finished
Optimal hyperparameters: {'loss': 'ls', 'n_estimators': 5000}
r2 of H prediction for the training set: 0.9867061519000332
r2 of H prediction for the test set: 0.8283409138097044
r2 of H prediction for the validation set: 0.8253419167325541

Training Set
MAE: 1.6927095566214472
Max: 22.697819753500184

Test Set
MAE: 4.060230586516288
Max: 216.86799763308466

Validation Set
MAE: 5.58035399392595
Max: 212.83179384387583

---------------------------------------
Begin PBS Epilogue Wed Feb 17 01:50:00 EST 2021
Job ID:     6544882.sched-hive.pace.gatech.edu
User ID:    schoi420
Job name:   train-model
Resources:  nodes=1:ppn=8,walltime=12:00:00,mem=32gb,neednodes=1:ppn=8
Rsrc Used:  cput=02:27:13,vmem=5935468kb,walltime=00:48:06,mem=894920kb,energy_used=0
Queue:      hive
Nodes:     
atl1-1-01-015-21-r.pace.gatech.edu
End PBS Epilogue Wed Feb 17 01:50:00 EST 2021
---------------------------------------
---------------------------------------
Begin PBS Prologue Wed Feb 17 11:57:51 EST 2021
Job ID:     6600440.sched-hive.pace.gatech.edu
User ID:    schoi420
Job name:   train-model
Queue:      hive
End PBS Prologue Wed Feb 17 11:57:51 EST 2021
---------------------------------------
Training on K prediction

Fitting 3 folds for each of 1 candidates, totalling 3 fits
[Parallel(n_jobs=-1)]: Using backend LokyBackend with 8 concurrent workers.
Optimal hyperparameters: {'loss': 'ls', 'n_estimators': 5000}
r2 of K prediction for the training set: 0.9895273338404778
r2 of K prediction for the test set: 0.8334739951629208
r2 of K prediction for the validation set: 0.8324397526357796

Training on H prediction

Fitting 3 folds for each of 1 candidates, totalling 3 fits
[Parallel(n_jobs=-1)]: Done   3 out of   3 | elapsed:  6.9min finished
[Parallel(n_jobs=-1)]: Using backend LokyBackend with 8 concurrent workers.
[Parallel(n_jobs=-1)]: Done   3 out of   3 | elapsed:  6.9min finished
Optimal hyperparameters: {'loss': 'ls', 'n_estimators': 5000}
r2 of H prediction for the training set: 0.9867061519000332
r2 of H prediction for the test set: 0.828071496243825
r2 of H prediction for the validation set: 0.8231392069638095

Training Set
MAE: 1.692709556621447
Max: 22.697819753500198

Test Set
MAE: 4.0604779746177675
Max: 216.8679976330847

Validation Set
MAE: 5.606828992822152
Max: 213.52687611899026

---------------------------------------
Begin PBS Epilogue Wed Feb 17 12:32:02 EST 2021
Job ID:     6600440.sched-hive.pace.gatech.edu
User ID:    schoi420
Job name:   train-model
Resources:  nodes=1:ppn=8,walltime=12:00:00,mem=32gb,neednodes=1:ppn=8
Rsrc Used:  cput=01:01:50,vmem=5340112kb,walltime=00:34:11,mem=591280kb,energy_used=0
Queue:      hive
Nodes:     
atl1-1-01-016-36-l.pace.gatech.edu
End PBS Epilogue Wed Feb 17 12:32:02 EST 2021
---------------------------------------
---------------------------------------
Begin PBS Prologue Wed Feb 17 13:00:48 EST 2021
Job ID:     6613519.sched-hive.pace.gatech.edu
User ID:    schoi420
Job name:   train-model
Queue:      hive
End PBS Prologue Wed Feb 17 13:00:48 EST 2021
---------------------------------------
Training on K prediction

Fitting 3 folds for each of 1 candidates, totalling 3 fits
[Parallel(n_jobs=-1)]: Using backend LokyBackend with 8 concurrent workers.
---------------------------------------
Begin PBS Epilogue Wed Feb 17 13:13:50 EST 2021
Job ID:     6613519.sched-hive.pace.gatech.edu
User ID:    schoi420
Job name:   train-model
Resources:  nodes=1:ppn=8,walltime=12:00:00,mem=32gb,neednodes=1:ppn=8
Rsrc Used:  cput=00:27:03,vmem=4775448kb,walltime=00:13:02,mem=568744kb,energy_used=0
Queue:      hive
Nodes:     
atl1-1-01-017-37-l.pace.gatech.edu
End PBS Epilogue Wed Feb 17 13:13:50 EST 2021
---------------------------------------
---------------------------------------
Begin PBS Prologue Wed Feb 17 13:14:43 EST 2021
Job ID:     6613527.sched-hive.pace.gatech.edu
User ID:    schoi420
Job name:   train-model
Queue:      hive
End PBS Prologue Wed Feb 17 13:14:43 EST 2021
---------------------------------------
Training on K prediction

Fitting 3 folds for each of 1 candidates, totalling 3 fits
[Parallel(n_jobs=-1)]: Using backend LokyBackend with 8 concurrent workers.
Optimal hyperparameters: {'loss': 'ls', 'n_estimators': 5000}
r2 of K prediction for the training set: 0.9895273338404778
r2 of K prediction for the test set: 0.8327288372006041
r2 of K prediction for the validation set: 0.8304433100452622

Training on H prediction

Fitting 3 folds for each of 1 candidates, totalling 3 fits
[Parallel(n_jobs=-1)]: Done   3 out of   3 | elapsed:  7.0min finished
[Parallel(n_jobs=-1)]: Using backend LokyBackend with 8 concurrent workers.
[Parallel(n_jobs=-1)]: Done   3 out of   3 | elapsed:  6.9min finished
Optimal hyperparameters: {'loss': 'ls', 'n_estimators': 5000}
r2 of H prediction for the training set: 0.9867061519000332
r2 of H prediction for the test set: 0.8275111759127325
r2 of H prediction for the validation set: 0.8258412134874297

Training Set
MAE: 1.692709556621449
Max: 22.697819753500266

Test Set
MAE: 4.070589839250282
Max: 216.8679976330847

Validation Set
MAE: 5.580896646711049
Max: 212.75496524285657

Traceback (most recent call last):
  File "pipeline.py", line 308, in <module>
    csv_mol.write('{},{}\n'.format(mol, r2_score(k_test.loc[test.molecule == mol], k_test_predict.loc[test_molecule == mol])))
NameError: name 'test_molecule' is not defined
---------------------------------------
Begin PBS Epilogue Wed Feb 17 13:48:59 EST 2021
Job ID:     6613527.sched-hive.pace.gatech.edu
User ID:    schoi420
Job name:   train-model
Resources:  nodes=1:ppn=8,walltime=12:00:00,mem=32gb,neednodes=1:ppn=8
Rsrc Used:  cput=01:02:01,vmem=5339964kb,walltime=00:34:16,mem=591088kb,energy_used=0
Queue:      hive
Nodes:     
atl1-1-01-017-37-l.pace.gatech.edu
End PBS Epilogue Wed Feb 17 13:48:59 EST 2021
---------------------------------------
---------------------------------------
Begin PBS Prologue Wed Feb 17 15:17:06 EST 2021
Job ID:     6615105.sched-hive.pace.gatech.edu
User ID:    schoi420
Job name:   train-model
Queue:      hive
End PBS Prologue Wed Feb 17 15:17:06 EST 2021
---------------------------------------
Training on K prediction

Fitting 3 folds for each of 1 candidates, totalling 3 fits
[Parallel(n_jobs=-1)]: Using backend LokyBackend with 8 concurrent workers.
Optimal hyperparameters: {'loss': 'ls', 'n_estimators': 5000}
r2 of K prediction for the training set: 0.9895273338404778
r2 of K prediction for the test set: 0.8326929639756164
r2 of K prediction for the validation set: 0.8274116944690876

Training on H prediction

Fitting 3 folds for each of 1 candidates, totalling 3 fits
[Parallel(n_jobs=-1)]: Done   3 out of   3 | elapsed:  6.9min finished
[Parallel(n_jobs=-1)]: Using backend LokyBackend with 8 concurrent workers.
[Parallel(n_jobs=-1)]: Done   3 out of   3 | elapsed:  6.9min finished
Optimal hyperparameters: {'loss': 'ls', 'n_estimators': 5000}
r2 of H prediction for the training set: 0.9867061519000332
r2 of H prediction for the test set: 0.8260612171682898
r2 of H prediction for the validation set: 0.8220985644947119

Training Set
MAE: 1.6927095566214483
Max: 22.697819753500223

Test Set
MAE: 4.082778304956935
Max: 216.86799763308474

Validation Set
MAE: 5.754921052677032
Max: 212.6330177796724

Traceback (most recent call last):
  File "pipeline.py", line 323, in <module>
    k_train_together = train[['MOF', 'molecule', 'K']].join(k_train_predict)
  File "/usr/local/pace-apps/manual/packages/anaconda3/2020.02/lib/python3.7/site-packages/pandas/core/frame.py", line 7209, in join
    other, on=on, how=how, lsuffix=lsuffix, rsuffix=rsuffix, sort=sort
  File "/usr/local/pace-apps/manual/packages/anaconda3/2020.02/lib/python3.7/site-packages/pandas/core/frame.py", line 7220, in _join_compat
    raise ValueError("Other Series must have a name")
ValueError: Other Series must have a name
---------------------------------------
Begin PBS Epilogue Wed Feb 17 15:51:21 EST 2021
Job ID:     6615105.sched-hive.pace.gatech.edu
User ID:    schoi420
Job name:   train-model
Resources:  nodes=1:ppn=8,walltime=12:00:00,mem=32gb,neednodes=1:ppn=8
Rsrc Used:  cput=01:01:51,vmem=5339728kb,walltime=00:34:15,mem=590868kb,energy_used=0
Queue:      hive
Nodes:     
atl1-1-01-015-31-r.pace.gatech.edu
End PBS Epilogue Wed Feb 17 15:51:21 EST 2021
---------------------------------------
---------------------------------------
Begin PBS Prologue Wed Feb 17 16:36:58 EST 2021
Job ID:     6615116.sched-hive.pace.gatech.edu
User ID:    schoi420
Job name:   train-model
Queue:      hive
End PBS Prologue Wed Feb 17 16:36:58 EST 2021
---------------------------------------
Training on K prediction

Fitting 3 folds for each of 1 candidates, totalling 3 fits
[Parallel(n_jobs=-1)]: Using backend LokyBackend with 8 concurrent workers.
Optimal hyperparameters: {'loss': 'ls', 'n_estimators': 5000}
r2 of K prediction for the training set: 0.9895273338404778
r2 of K prediction for the test set: 0.8253248474638109
r2 of K prediction for the validation set: 0.8307332302066166

Training on H prediction

Fitting 3 folds for each of 1 candidates, totalling 3 fits
[Parallel(n_jobs=-1)]: Done   3 out of   3 | elapsed:  6.9min finished
[Parallel(n_jobs=-1)]: Using backend LokyBackend with 8 concurrent workers.
[Parallel(n_jobs=-1)]: Done   3 out of   3 | elapsed:  6.9min finished
Optimal hyperparameters: {'loss': 'ls', 'n_estimators': 5000}
r2 of H prediction for the training set: 0.9867061519000332
r2 of H prediction for the test set: 0.8269321040783935
r2 of H prediction for the validation set: 0.8245542841812021

Training Set
MAE: 1.6927095566214476
Max: 22.697819753500205

Test Set
MAE: 4.076570387401699
Max: 216.8679976330847

Validation Set
MAE: 5.667240635548619
Max: 212.846878414217

---------------------------------------
Begin PBS Epilogue Wed Feb 17 17:11:17 EST 2021
Job ID:     6615116.sched-hive.pace.gatech.edu
User ID:    schoi420
Job name:   train-model
Resources:  nodes=1:ppn=8,walltime=12:00:00,mem=32gb,neednodes=1:ppn=8
Rsrc Used:  cput=01:01:57,vmem=5339952kb,walltime=00:34:19,mem=590940kb,energy_used=0
Queue:      hive
Nodes:     
atl1-1-01-016-31-r.pace.gatech.edu
End PBS Epilogue Wed Feb 17 17:11:17 EST 2021
---------------------------------------
---------------------------------------
Begin PBS Prologue Wed Feb 17 23:44:04 EST 2021
Job ID:     6615452.sched-hive.pace.gatech.edu
User ID:    schoi420
Job name:   train-model
Queue:      hive
End PBS Prologue Wed Feb 17 23:44:04 EST 2021
---------------------------------------
Training on K prediction

Fitting 3 folds for each of 1 candidates, totalling 3 fits
[Parallel(n_jobs=-1)]: Using backend LokyBackend with 8 concurrent workers.
Optimal hyperparameters: {'loss': 'ls', 'n_estimators': 5000}
r2 of K prediction for the training set: 0.9895273338404778
r2 of K prediction for the test set: 0.8327339960503812
r2 of K prediction for the validation set: 0.8311021848801007

Training on H prediction

Fitting 3 folds for each of 1 candidates, totalling 3 fits
[Parallel(n_jobs=-1)]: Done   3 out of   3 | elapsed:  6.9min finished
[Parallel(n_jobs=-1)]: Using backend LokyBackend with 8 concurrent workers.
[Parallel(n_jobs=-1)]: Done   3 out of   3 | elapsed:  7.0min finished
Optimal hyperparameters: {'loss': 'ls', 'n_estimators': 5000}
r2 of H prediction for the training set: 0.9867061519000332
r2 of H prediction for the test set: 0.8243323660478625
r2 of H prediction for the validation set: 0.8259462541504927

Training Set
MAE: 1.6927095566214472
Max: 22.69781975350019

Test Set
MAE: 4.095471707239389
Max: 216.8679976330848

Validation Set
MAE: 5.509727219611856
Max: 213.1841820742101

---------------------------------------
Begin PBS Epilogue Thu Feb 18 00:18:51 EST 2021
Job ID:     6615452.sched-hive.pace.gatech.edu
User ID:    schoi420
Job name:   train-model
Resources:  nodes=1:ppn=8,walltime=12:00:00,mem=32gb,neednodes=1:ppn=8
Rsrc Used:  cput=01:02:38,vmem=5341276kb,walltime=00:34:47,mem=592300kb,energy_used=0
Queue:      hive
Nodes:     
atl1-1-01-013-27-r.pace.gatech.edu
End PBS Epilogue Thu Feb 18 00:18:51 EST 2021
---------------------------------------
---------------------------------------
Begin PBS Prologue Thu Feb 18 10:49:11 EST 2021
Job ID:     6616301.sched-hive.pace.gatech.edu
User ID:    schoi420
Job name:   train-model
Queue:      hive
End PBS Prologue Thu Feb 18 10:49:11 EST 2021
---------------------------------------
Training on K prediction

Fitting 3 folds for each of 1 candidates, totalling 3 fits
[Parallel(n_jobs=-1)]: Using backend LokyBackend with 8 concurrent workers.
Optimal hyperparameters: {'loss': 'ls', 'n_estimators': 5000}
r2 of K prediction for the training set: 0.9895273338404778
r2 of K prediction for the test set: 0.830673798488143
r2 of K prediction for the validation set: 0.8287805449585782

Training on H prediction

Fitting 3 folds for each of 1 candidates, totalling 3 fits
[Parallel(n_jobs=-1)]: Done   3 out of   3 | elapsed:  6.9min finished
[Parallel(n_jobs=-1)]: Using backend LokyBackend with 8 concurrent workers.
[Parallel(n_jobs=-1)]: Done   3 out of   3 | elapsed:  6.9min finished
Optimal hyperparameters: {'loss': 'ls', 'n_estimators': 5000}
r2 of H prediction for the training set: 0.9867061519000332
r2 of H prediction for the test set: 0.8278201692788001
r2 of H prediction for the validation set: 0.8258674859050995

Training Set
MAE: 1.6927095566214465
Max: 22.697819753500216

Test Set
MAE: 4.059401247403305
Max: 216.86799763308466

Validation Set
MAE: 5.630929359219381
Max: 213.05278969484166

---------------------------------------
Begin PBS Epilogue Thu Feb 18 11:23:30 EST 2021
Job ID:     6616301.sched-hive.pace.gatech.edu
User ID:    schoi420
Job name:   train-model
Resources:  nodes=1:ppn=8,walltime=12:00:00,mem=32gb,neednodes=1:ppn=8
Rsrc Used:  cput=01:01:57,vmem=5340400kb,walltime=00:34:19,mem=591736kb,energy_used=0
Queue:      hive
Nodes:     
atl1-1-01-017-20-l.pace.gatech.edu
End PBS Epilogue Thu Feb 18 11:23:30 EST 2021
---------------------------------------
---------------------------------------
Begin PBS Prologue Mon Feb 22 10:59:13 EST 2021
Job ID:     6619059.sched-hive.pace.gatech.edu
User ID:    schoi420
Job name:   train-model
Queue:      hive
End PBS Prologue Mon Feb 22 10:59:13 EST 2021
---------------------------------------
Training on K prediction

Fitting 3 folds for each of 1 candidates, totalling 3 fits
[Parallel(n_jobs=-1)]: Using backend LokyBackend with 8 concurrent workers.
---------------------------------------
Begin PBS Epilogue Mon Feb 22 11:03:22 EST 2021
Job ID:     6619059.sched-hive.pace.gatech.edu
User ID:    schoi420
Job name:   train-model
Resources:  nodes=1:ppn=8,walltime=12:00:00,mem=32gb,neednodes=1:ppn=8
Rsrc Used:  cput=00:12:20,vmem=4774348kb,walltime=00:04:09,mem=569516kb,energy_used=0
Queue:      hive
Nodes:     
atl1-1-01-016-9-r.pace.gatech.edu
End PBS Epilogue Mon Feb 22 11:03:22 EST 2021
---------------------------------------
---------------------------------------
Begin PBS Prologue Mon Feb 22 11:05:26 EST 2021
Job ID:     6619062.sched-hive.pace.gatech.edu
User ID:    schoi420
Job name:   train-model
Queue:      hive
End PBS Prologue Mon Feb 22 11:05:26 EST 2021
---------------------------------------
Training on K prediction

Fitting 3 folds for each of 1 candidates, totalling 3 fits
[Parallel(n_jobs=-1)]: Using backend LokyBackend with 8 concurrent workers.
Optimal hyperparameters: {'loss': 'ls', 'n_estimators': 5000}
r2 of K prediction for the training set: 0.9895273338404778
r2 of K prediction for the test set: 0.8329467639941539
r2 of K prediction for the validation set: 0.8310314310421686

Training on H prediction

Fitting 3 folds for each of 1 candidates, totalling 3 fits
[Parallel(n_jobs=-1)]: Done   3 out of   3 | elapsed:  6.9min finished
[Parallel(n_jobs=-1)]: Using backend LokyBackend with 8 concurrent workers.
[Parallel(n_jobs=-1)]: Done   3 out of   3 | elapsed:  6.9min finished
Optimal hyperparameters: {'loss': 'ls', 'n_estimators': 5000}
r2 of H prediction for the training set: 0.9867061519000332
r2 of H prediction for the test set: 0.8250057896365313
r2 of H prediction for the validation set: 0.8245669994602083

Training Set
MAE: 1.6927095566214476
Max: 22.69781975350025

Test Set
MAE: 4.088838068283905
Max: 216.8679976330847

Validation Set
MAE: 5.687546184821432
Max: 213.17900731604905

---------------------------------------
Begin PBS Epilogue Mon Feb 22 11:39:42 EST 2021
Job ID:     6619062.sched-hive.pace.gatech.edu
User ID:    schoi420
Job name:   train-model
Resources:  nodes=1:ppn=8,walltime=12:00:00,mem=32gb,neednodes=1:ppn=8
Rsrc Used:  cput=01:01:51,vmem=5339988kb,walltime=00:34:16,mem=591044kb,energy_used=0
Queue:      hive
Nodes:     
atl1-1-01-016-9-r.pace.gatech.edu
End PBS Epilogue Mon Feb 22 11:39:42 EST 2021
---------------------------------------
---------------------------------------
Begin PBS Prologue Mon Feb 22 17:45:18 EST 2021
Job ID:     6619273.sched-hive.pace.gatech.edu
User ID:    schoi420
Job name:   train-model
Queue:      hive
End PBS Prologue Mon Feb 22 17:45:18 EST 2021
---------------------------------------
Training on K prediction

Fitting 3 folds for each of 1 candidates, totalling 3 fits
[Parallel(n_jobs=-1)]: Using backend LokyBackend with 8 concurrent workers.
Optimal hyperparameters: {'loss': 'ls', 'n_estimators': 5000}
r2 of K prediction for the training set: 0.9895273338404778
r2 of K prediction for the test set: 0.8291888189046369
r2 of K prediction for the validation set: 0.8292117736663928

Training on H prediction

Fitting 3 folds for each of 1 candidates, totalling 3 fits
[Parallel(n_jobs=-1)]: Done   3 out of   3 | elapsed:  6.9min finished
[Parallel(n_jobs=-1)]: Using backend LokyBackend with 8 concurrent workers.
[Parallel(n_jobs=-1)]: Done   3 out of   3 | elapsed:  7.0min finished
Optimal hyperparameters: {'loss': 'ls', 'n_estimators': 5000}
r2 of H prediction for the training set: 0.9867061519000332
r2 of H prediction for the test set: 0.8272028657612194
r2 of H prediction for the validation set: 0.8244524889953286

Training Set
MAE: 1.6927095566214476
Max: 22.69781975350022

Test Set
MAE: 4.065802088615362
Max: 216.86799763308474

Validation Set
MAE: 5.610664685252552
Max: 213.31710499463176

---------------------------------------
Begin PBS Epilogue Mon Feb 22 18:19:47 EST 2021
Job ID:     6619273.sched-hive.pace.gatech.edu
User ID:    schoi420
Job name:   train-model
Resources:  nodes=1:ppn=8,walltime=12:00:00,mem=32gb,neednodes=1:ppn=8
Rsrc Used:  cput=01:02:11,vmem=5339180kb,walltime=00:34:29,mem=590652kb,energy_used=0
Queue:      hive
Nodes:     
atl1-1-01-013-6-l.pace.gatech.edu
End PBS Epilogue Mon Feb 22 18:19:47 EST 2021
---------------------------------------
---------------------------------------
Begin PBS Prologue Tue Feb 23 10:48:50 EST 2021
Job ID:     6620906.sched-hive.pace.gatech.edu
User ID:    schoi420
Job name:   train-model
Queue:      hive
End PBS Prologue Tue Feb 23 10:48:50 EST 2021
---------------------------------------
Training on K prediction

Fitting 3 folds for each of 1 candidates, totalling 3 fits
[Parallel(n_jobs=-1)]: Using backend LokyBackend with 8 concurrent workers.
Optimal hyperparameters: {'loss': 'ls', 'n_estimators': 5000}
r2 of K prediction for the training set: 0.9895273338404778
r2 of K prediction for the test set: 0.8291548576034212
r2 of K prediction for the validation set: 0.8317188162200897

Training on H prediction

Fitting 3 folds for each of 1 candidates, totalling 3 fits
[Parallel(n_jobs=-1)]: Done   3 out of   3 | elapsed:  6.9min finished
[Parallel(n_jobs=-1)]: Using backend LokyBackend with 8 concurrent workers.
[Parallel(n_jobs=-1)]: Done   3 out of   3 | elapsed:  7.0min finished
Optimal hyperparameters: {'loss': 'ls', 'n_estimators': 5000}
r2 of H prediction for the training set: 0.9867061519000332
r2 of H prediction for the test set: 0.8248590571183609
r2 of H prediction for the validation set: 0.825345126151

Training Set
MAE: 1.6927095566214476
Max: 22.69781975350017

Test Set
MAE: 4.09777455682866
Max: 216.8679976330847

Validation Set
MAE: 5.631251005357671
Max: 212.830390695843

---------------------------------------
Begin PBS Epilogue Tue Feb 23 11:23:25 EST 2021
Job ID:     6620906.sched-hive.pace.gatech.edu
User ID:    schoi420
Job name:   train-model
Resources:  nodes=1:ppn=8,walltime=12:00:00,mem=32gb,neednodes=1:ppn=8
Rsrc Used:  cput=01:02:20,vmem=5339824kb,walltime=00:34:34,mem=590984kb,energy_used=0
Queue:      hive
Nodes:     
atl1-1-01-013-9-r.pace.gatech.edu
End PBS Epilogue Tue Feb 23 11:23:25 EST 2021
---------------------------------------
---------------------------------------
Begin PBS Prologue Tue Feb 23 12:39:59 EST 2021
Job ID:     6621519.sched-hive.pace.gatech.edu
User ID:    schoi420
Job name:   train-model
Queue:      hive
End PBS Prologue Tue Feb 23 12:39:59 EST 2021
---------------------------------------
Training on K prediction

Fitting 3 folds for each of 1 candidates, totalling 3 fits
[Parallel(n_jobs=-1)]: Using backend LokyBackend with 8 concurrent workers.
Optimal hyperparameters: {'loss': 'ls', 'n_estimators': 5000}
r2 of K prediction for the training set: 0.9895273338404778
r2 of K prediction for the test set: 0.8309196801514982
r2 of K prediction for the validation set: 0.8311121979092319

Training on H prediction

Fitting 3 folds for each of 1 candidates, totalling 3 fits
[Parallel(n_jobs=-1)]: Done   3 out of   3 | elapsed:  7.0min finished
[Parallel(n_jobs=-1)]: Using backend LokyBackend with 8 concurrent workers.
[Parallel(n_jobs=-1)]: Done   3 out of   3 | elapsed:  7.0min finished
Optimal hyperparameters: {'loss': 'ls', 'n_estimators': 5000}
r2 of H prediction for the training set: 0.9867061519000332
r2 of H prediction for the test set: 0.8275960829034894
r2 of H prediction for the validation set: 0.825714060121827

Training Set
MAE: 1.6927095566214478
Max: 22.697819753500227

Test Set
MAE: 4.070330968812694
Max: 216.86799763308468

Validation Set
MAE: 5.516983358263617
Max: 213.29026645634838

---------------------------------------
Begin PBS Epilogue Tue Feb 23 13:14:27 EST 2021
Job ID:     6621519.sched-hive.pace.gatech.edu
User ID:    schoi420
Job name:   train-model
Resources:  nodes=1:ppn=8,walltime=12:00:00,mem=32gb,neednodes=1:ppn=8
Rsrc Used:  cput=01:02:12,vmem=5338688kb,walltime=00:34:28,mem=589568kb,energy_used=0
Queue:      hive
Nodes:     
atl1-1-01-012-3-r.pace.gatech.edu
End PBS Epilogue Tue Feb 23 13:14:27 EST 2021
---------------------------------------
---------------------------------------
Begin PBS Prologue Tue Feb 23 23:18:50 EST 2021
Job ID:     6621973.sched-hive.pace.gatech.edu
User ID:    schoi420
Job name:   train-model
Queue:      hive
End PBS Prologue Tue Feb 23 23:18:50 EST 2021
---------------------------------------
Training on K prediction

Fitting 3 folds for each of 1 candidates, totalling 3 fits
[Parallel(n_jobs=-1)]: Using backend LokyBackend with 8 concurrent workers.
Optimal hyperparameters: {'loss': 'ls', 'n_estimators': 5000}
r2 of K prediction for the training set: 0.9895273338404778
r2 of K prediction for the test set: 0.8304662361788337
r2 of K prediction for the validation set: 0.8304799057908785

Training on H prediction

Fitting 3 folds for each of 1 candidates, totalling 3 fits
[Parallel(n_jobs=-1)]: Done   3 out of   3 | elapsed:  7.0min finished
[Parallel(n_jobs=-1)]: Using backend LokyBackend with 8 concurrent workers.
[Parallel(n_jobs=-1)]: Done   3 out of   3 | elapsed:  7.0min finished
Optimal hyperparameters: {'loss': 'ls', 'n_estimators': 5000}
r2 of H prediction for the training set: 0.9867061519000332
r2 of H prediction for the test set: 0.8273364974306319
r2 of H prediction for the validation set: 0.8221096849943604

Training Set
MAE: 1.6927095566214476
Max: 22.69781975350019

Test Set
MAE: 4.072326707313287
Max: 216.86799763308468

Validation Set
MAE: 5.616222876866145
Max: 213.17490561827563

---------------------------------------
Begin PBS Epilogue Tue Feb 23 23:53:38 EST 2021
Job ID:     6621973.sched-hive.pace.gatech.edu
User ID:    schoi420
Job name:   train-model
Resources:  nodes=1:ppn=8,walltime=12:00:00,mem=32gb,neednodes=1:ppn=8
Rsrc Used:  cput=01:02:43,vmem=5339504kb,walltime=00:34:48,mem=590616kb,energy_used=0
Queue:      hive
Nodes:     
atl1-1-01-015-16-l.pace.gatech.edu
End PBS Epilogue Tue Feb 23 23:53:38 EST 2021
---------------------------------------
---------------------------------------
Begin PBS Prologue Wed Feb 24 00:01:28 EST 2021
Job ID:     6621979.sched-hive.pace.gatech.edu
User ID:    schoi420
Job name:   train-model
Queue:      hive
End PBS Prologue Wed Feb 24 00:01:28 EST 2021
---------------------------------------
Training on K prediction

Fitting 3 folds for each of 1 candidates, totalling 3 fits
[Parallel(n_jobs=-1)]: Using backend LokyBackend with 8 concurrent workers.
Optimal hyperparameters: {'loss': 'ls', 'n_estimators': 5000}
r2 of K prediction for the training set: 0.9895273338404778
r2 of K prediction for the test set: 0.8337007832255892
r2 of K prediction for the validation set: 0.8314762921761694

Training on H prediction

Fitting 3 folds for each of 1 candidates, totalling 3 fits
[Parallel(n_jobs=-1)]: Done   3 out of   3 | elapsed:  7.0min finished
[Parallel(n_jobs=-1)]: Using backend LokyBackend with 8 concurrent workers.
[Parallel(n_jobs=-1)]: Done   3 out of   3 | elapsed:  7.0min finished
Optimal hyperparameters: {'loss': 'ls', 'n_estimators': 5000}
r2 of H prediction for the training set: 0.9867061519000332
r2 of H prediction for the test set: 0.8278508472671706
r2 of H prediction for the validation set: 0.8222080404525927

Training Set
MAE: 1.6927095566214483
Max: 22.697819753500216

Test Set
MAE: 4.06495186340431
Max: 216.86799763308468

Validation Set
MAE: 5.728053617646076
Max: 213.10587716237302

---------------------------------------
Begin PBS Epilogue Wed Feb 24 00:36:22 EST 2021
Job ID:     6621979.sched-hive.pace.gatech.edu
User ID:    schoi420
Job name:   train-model
Resources:  nodes=1:ppn=8,walltime=12:00:00,mem=32gb,neednodes=1:ppn=8
Rsrc Used:  cput=01:02:45,vmem=5340604kb,walltime=00:34:54,mem=591428kb,energy_used=0
Queue:      hive
Nodes:     
atl1-1-01-015-16-l.pace.gatech.edu
End PBS Epilogue Wed Feb 24 00:36:22 EST 2021
---------------------------------------
